[+] Containers:
 |- [+] Container: /Game/ThirdPerson/Maps/ThirdPersonMap
 |   |- [+] ActorDescs:
 |   |   |- Guid:2BFDE1F3485C9644BAA2B1A0F3BF4201 BaseClass: NativeClass:/Script/Engine.TriggerBox Name:TriggerBox_UAID_F02F74AD4569155002_1428010682 Label:TriggerBox5 SpatiallyLoaded:1 Bounds:IsValid=true, Min=(X=1301.250 Y=401.250 Z=2001.250), Max=(X=1398.750 Y=498.750 Z=2098.750) RuntimeGrid:None EditorOnly:0 RuntimeOnly:0 HLODRelevant:0 ListedInSceneOutliner:1 IsMainWorldOnly:0
 |   |   |- Guid:2C94533F4A7036AFEDE9BB9414A97003 BaseClass: NativeClass:/Script/Engine.StaticMeshActor Name:StaticMeshActor_UAID_2C58B99582CD684F02_1297615232 Label:SM_Cube14 SpatiallyLoaded:1 Bounds:IsValid=true, Min=(X=100.000 Y=1780.000 Z=2000.000), Max=(X=2900.000 Y=1805.000 Z=2100.000) RuntimeGrid:None EditorOnly:0 RuntimeOnly:0 HLODRelevant:1 ListedInSceneOutliner:1 IsMainWorldOnly:0 FolderPath:Playground FolderGuid:C73F09FC4215536B1DCE2A9E0A830C70
 |   |   |- Guid:2FB58999456391D349DC0F86DAC136ED BaseClass: NativeClass:/Script/Engine.SkyLight Name:SkyLight_1 Label:SkyLight SpatiallyLoaded:0 Bounds:IsValid=true, Min=(X=0.000 Y=0.000 Z=690.000), Max=(X=0.000 Y=0.000 Z=690.000) RuntimeGrid:None EditorOnly:0 RuntimeOnly:0 HLODRelevant:0 ListedInSceneOutliner:1 IsMainWorldOnly:0 FolderPath:Lighting FolderGuid:963EC3EB4002CCE9759E2EBA541A873A
 |   |   |- Guid:316CF2A6494ACA4C0E4180A87D36AB8F BaseClass: NativeClass:/Script/Engine.ExponentialHeightFog Name:ExponentialHeightFog_0 Label:ExponentialHeightFog SpatiallyLoaded:0 Bounds:IsValid=true, Min=(X=-5600.000 Y=-50.000 Z=-6850.000), Max=(X=-5600.000 Y=-50.000 Z=-6850.000) RuntimeGrid:None EditorOnly:0 RuntimeOnly:0 HLODRelevant:0 ListedInSceneOutliner:1 IsMainWorldOnly:0 FolderPath:Lighting FolderGuid:963EC3EB4002CCE9759E2EBA541A873A
 |   |   |- Guid:32A7E4C44E4F46839F296EB154456E2C BaseClass: NativeClass:/Script/Engine.StaticMeshActor Name:StaticMeshActor_UAID_F02F74AD4569585102_2137913525 Label:SM_Cube19 SpatiallyLoaded:1 Bounds:IsValid=true, Min=(X=-7075.000 Y=1800.000 Z=2970.000), Max=(X=-6175.000 Y=2950.000 Z=3095.000) RuntimeGrid:None EditorOnly:0 RuntimeOnly:0 HLODRelevant:1 ListedInSceneOutliner:1 IsMainWorldOnly:0 FolderPath:NEW CITY FolderGuid:39E47AEF423D4DAB27413292451BB206
 |   |   |- Guid:32C8694246A9CC4763882FACBA30BAD5 BaseClass: NativeClass:/Script/Engine.StaticMeshActor Name:StaticMeshActor_UAID_F02F74AD4569035102_1765004559 Label:SM_Cube11 SpatiallyLoaded:1 Bounds:IsValid=true, Min=(X=-6175.000 Y=0.000 Z=1950.000), Max=(X=-5325.000 Y=4400.000 Z=2000.000) RuntimeGrid:None EditorOnly:0 RuntimeOnly:0 HLODRelevant:1 ListedInSceneOutliner:1 IsMainWorldOnly:0 FolderPath:NEW CITY FolderGuid:39E47AEF423D4DAB27413292451BB206
 |   |   |- Guid:331A37374A4ACF187648C29BA24B36A4 BaseClass: NativeClass:/Script/Engine.StaticMeshActor Name:StaticMeshActor_UAID_F02F74AD4569135002_1881926320 Label:Cube SpatiallyLoaded:1 Bounds:IsValid=true, Min=(X=1120.000 Y=330.000 Z=2000.000), Max=(X=1170.000 Y=380.000 Z=2150.000) RuntimeGrid:None EditorOnly:0 RuntimeOnly:0 HLODRelevant:1 ListedInSceneOutliner:1 IsMainWorldOnly:0
 |   |   |- Guid:35BFDC104FE2F6D2F3CAB7B0561F23B8 BaseClass: NativeClass:/Script/Engine.StaticMeshActor Name:StaticMeshActor_UAID_F02F74AD4569135002_2031815321 Label:Cube2 SpatiallyLoaded:1 Bounds:IsValid=true, Min=(X=725.000 Y=330.000 Z=1997.500), Max=(X=775.000 Y=380.000 Z=2172.500) RuntimeGrid:None EditorOnly:0 RuntimeOnly:0 HLODRelevant:1 ListedInSceneOutliner:1 IsMainWorldOnly:0
 |   |   |- Guid:3A00AA1C422CE54C0BDB60BAF471BFBB BaseClass: NativeClass:/Script/Engine.PlayerStart Name:PlayerStart_0 Label:PlayerStart SpatiallyLoaded:0 Bounds:IsValid=true, Min=(X=470.000 Y=1070.000 Z=2000.013), Max=(X=550.000 Y=1150.000 Z=2184.013) RuntimeGrid:None EditorOnly:0 RuntimeOnly:0 HLODRelevant:0 ListedInSceneOutliner:1 IsMainWorldOnly:0
 |   |   |- Guid:43815E84492231AFC407F59E3C28176B BaseClass: NativeClass:/Script/Engine.StaticMeshActor Name:StaticMeshActor_4 Label:SM_Cube6 SpatiallyLoaded:1 Bounds:IsValid=true, Min=(X=2900.000 Y=100.000 Z=2000.000), Max=(X=3000.000 Y=3400.000 Z=2400.000) RuntimeGrid:None EditorOnly:0 RuntimeOnly:0 HLODRelevant:1 ListedInSceneOutliner:1 IsMainWorldOnly:0 FolderPath:Playground FolderGuid:C73F09FC4215536B1DCE2A9E0A830C70
 |   |   |- Guid:4D3BE93F4146AAAC8BBE79999D96D57F BaseClass: NativeClass:/Script/Engine.VolumetricCloud Name:VolumetricCloud_0 Label:VolumetricCloud SpatiallyLoaded:0 Bounds:IsValid=true, Min=(X=0.000 Y=0.000 Z=820.000), Max=(X=0.000 Y=0.000 Z=820.000) RuntimeGrid:None EditorOnly:0 RuntimeOnly:0 HLODRelevant:0 ListedInSceneOutliner:1 IsMainWorldOnly:0 FolderPath:Lighting FolderGuid:963EC3EB4002CCE9759E2EBA541A873A
 |   |   |- Guid:5662AA7C4F021E368870278B484CA65C BaseClass: NativeClass:/Script/Engine.StaticMeshActor Name:StaticMeshActor_UAID_F02F74AD4569155002_1260722674 Label:Cube3 SpatiallyLoaded:1 Bounds:IsValid=true, Min=(X=925.000 Y=330.000 Z=2000.000), Max=(X=975.000 Y=380.000 Z=2200.000) RuntimeGrid:None EditorOnly:0 RuntimeOnly:0 HLODRelevant:1 ListedInSceneOutliner:1 IsMainWorldOnly:0
 |   |   |- Guid:5DC8D1F041C027C80B52D7BF23AB5444 BaseClass: NativeClass:/Script/Engine.StaticMeshActor Name:StaticMeshActor_UAID_F02F74AD4569585102_1986588522 Label:SM_Cube16 SpatiallyLoaded:1 Bounds:IsValid=true, Min=(X=-7075.000 Y=2950.000 Z=1950.000), Max=(X=-6175.000 Y=3250.000 Z=2000.000) RuntimeGrid:None EditorOnly:0 RuntimeOnly:0 HLODRelevant:1 ListedInSceneOutliner:1 IsMainWorldOnly:0 FolderPath:NEW CITY FolderGuid:39E47AEF423D4DAB27413292451BB206
 |   |   |- Guid:6381F19C4463461E2AC5A189B0EA3034 BaseClass: NativeClass:/Script/Engine.TriggerBox Name:TriggerBox_UAID_F02F74AD4569155002_1407179680 Label:TriggerBox3 SpatiallyLoaded:1 Bounds:IsValid=true, Min=(X=901.250 Y=401.250 Z=2001.250), Max=(X=998.750 Y=498.750 Z=2098.750) RuntimeGrid:None EditorOnly:0 RuntimeOnly:0 HLODRelevant:0 ListedInSceneOutliner:1 IsMainWorldOnly:0
 |   |   |- Guid:66954E204C0CAD0F880B9E8C6766CF5E BaseClass: NativeClass:/Script/Engine.TriggerBox Name:TriggerBox_UAID_F02F74AD4569155002_1402094679 Label:TriggerBox2 SpatiallyLoaded:1 Bounds:IsValid=true, Min=(X=701.250 Y=401.250 Z=2001.250), Max=(X=798.750 Y=498.750 Z=2098.750) RuntimeGrid:None EditorOnly:0 RuntimeOnly:0 HLODRelevant:0 ListedInSceneOutliner:1 IsMainWorldOnly:0
 |   |   |- Guid:6BAF4DDD444C60371492D3919DB42C97 BaseClass: NativeClass:/Script/Engine.WorldDataLayers Name:WorldDataLayers Label:WorldDataLayers SpatiallyLoaded:0 Bounds:IsValid=true, Min=(X=0.000 Y=0.000 Z=0.000), Max=(X=0.000 Y=0.000 Z=0.000) RuntimeGrid:None EditorOnly:0 RuntimeOnly:0 HLODRelevant:0 ListedInSceneOutliner:1 IsMainWorldOnly:1
 |   |   |- Guid:6C489B804E5945D7E382D7A5431EFB2E BaseClass:/Game/PaintableWall.PaintableWall_C NativeClass:/Script/Engine.Actor Name:PaintableWall_C_UAID_2C58B9955C30AF4F02_1700240721 Label:PaintableWall SpatiallyLoaded:1 Bounds:IsValid=true, Min=(X=1399.000 Y=800.000 Z=2000.000), Max=(X=1399.000 Y=1400.000 Z=2400.000) RuntimeGrid:None EditorOnly:0 RuntimeOnly:0 HLODRelevant:0 ListedInSceneOutliner:1 IsMainWorldOnly:0
 |   |   |- Guid:9519C7F941B75B22563AD19A4033D673 BaseClass: NativeClass:/Script/Engine.StaticMeshActor Name:StaticMeshActor_UAID_2C58B99582CD674F02_2043764050 Label:SM_Cube8 SpatiallyLoaded:1 Bounds:IsValid=true, Min=(X=0.000 Y=3400.000 Z=950.000), Max=(X=3000.000 Y=3500.000 Z=2000.000) RuntimeGrid:None EditorOnly:0 RuntimeOnly:0 HLODRelevant:1 ListedInSceneOutliner:1 IsMainWorldOnly:0 FolderPath:Playground FolderGuid:C73F09FC4215536B1DCE2A9E0A830C70
 |   |   |- Guid:959CB6754EEB96E096CE26A8A6CC4F42 BaseClass: NativeClass:/Script/Engine.StaticMeshActor Name:StaticMeshActor_UAID_F02F74AD4569155002_1293771677 Label:Cube5 SpatiallyLoaded:1 Bounds:IsValid=true, Min=(X=1325.000 Y=330.000 Z=1997.500), Max=(X=1375.000 Y=380.000 Z=2172.500) RuntimeGrid:None EditorOnly:0 RuntimeOnly:0 HLODRelevant:1 ListedInSceneOutliner:1 IsMainWorldOnly:0
 |   |   |- Guid:974B0DFF4576C922B2EC61938E3F910C BaseClass: NativeClass:/Script/Engine.StaticMeshActor Name:StaticMeshActor_UAID_F02F74AD4569585102_2058372523 Label:SM_Cube17 SpatiallyLoaded:1 Bounds:IsValid=true, Min=(X=-7075.000 Y=1800.000 Z=2000.000), Max=(X=-6175.000 Y=2950.000 Z=2975.000) RuntimeGrid:None EditorOnly:0 RuntimeOnly:0 HLODRelevant:1 ListedInSceneOutliner:1 IsMainWorldOnly:0 FolderPath:NEW CITY FolderGuid:39E47AEF423D4DAB27413292451BB206
 |   |   |- Guid:97B11961446243018576A59D3105F6A2 BaseClass:/Game/ThirdPerson/Blueprints/BP_ThirdPersonCharacter.BP_ThirdPersonCharacter_C NativeClass:/Script/Engine.Character Name:BP_ThirdPersonCharacter_C_UAID_0068EB9D5DF16C5102_1482601039 Label:BP_ThirdPersonCharacter SpatiallyLoaded:1 Bounds:IsValid=true, Min=(X=635.000 Y=1215.000 Z=1999.851), Max=(X=707.592 Y=1285.000 Z=2180.332) RuntimeGrid:None EditorOnly:0 RuntimeOnly:0 HLODRelevant:0 ListedInSceneOutliner:1 IsMainWorldOnly:0
 |   |   |- Guid:9D3DB79D43B8EDECE5D3A3922E7DCA8C BaseClass: NativeClass:/Script/Engine.TriggerBox Name:TriggerBox_UAID_F02F74AD4569155002_1411695681 Label:TriggerBox4 SpatiallyLoaded:1 Bounds:IsValid=true, Min=(X=1101.250 Y=401.250 Z=2001.250), Max=(X=1198.750 Y=498.750 Z=2098.750) RuntimeGrid:None EditorOnly:0 RuntimeOnly:0 HLODRelevant:0 ListedInSceneOutliner:1 IsMainWorldOnly:0
 |   |   |- Guid:A56216954B2165CF0F35A886B537D536 BaseClass: NativeClass:/Script/Engine.StaticMeshActor Name:StaticMeshActor_0 Label:SM_Cube5 SpatiallyLoaded:1 Bounds:IsValid=true, Min=(X=-0.000 Y=100.000 Z=2000.000), Max=(X=100.000 Y=3400.000 Z=2400.000) RuntimeGrid:None EditorOnly:0 RuntimeOnly:0 HLODRelevant:1 ListedInSceneOutliner:1 IsMainWorldOnly:0 FolderPath:Playground FolderGuid:C73F09FC4215536B1DCE2A9E0A830C70
 |   |   |- Guid:B289BF0F4134775E15E7F598696E96ED BaseClass: NativeClass:/Script/Engine.StaticMeshActor Name:StaticMeshActor_UAID_2C58B99582CD674F02_2071219051 Label:SM_Cube9 SpatiallyLoaded:1 Bounds:IsValid=true, Min=(X=2900.000 Y=1800.000 Z=950.000), Max=(X=3000.000 Y=3400.000 Z=2000.000) RuntimeGrid:None EditorOnly:0 RuntimeOnly:0 HLODRelevant:1 ListedInSceneOutliner:1 IsMainWorldOnly:0 FolderPath:Playground FolderGuid:C73F09FC4215536B1DCE2A9E0A830C70
 |   |   |- Guid:B785ED2844B84CFB91E7F39FE661CD99 BaseClass: NativeClass:/Script/Engine.DirectionalLight Name:DirectionalLight_0 Label:DirectionalLight SpatiallyLoaded:0 Bounds:IsValid=true, Min=(X=-1048576.000 Y=-1048576.000 Z=-1048576.000), Max=(X=1048576.000 Y=1048576.000 Z=1048576.000) RuntimeGrid:None EditorOnly:0 RuntimeOnly:0 HLODRelevant:0 ListedInSceneOutliner:1 IsMainWorldOnly:0 FolderPath:Lighting FolderGuid:963EC3EB4002CCE9759E2EBA541A873A
 |   |   |- Guid:BC08B79C4EA3C961CFF75EBBE83B367D BaseClass: NativeClass:/Script/Engine.StaticMeshActor Name:StaticMeshActor_5 Label:SM_Cube2 SpatiallyLoaded:1 Bounds:IsValid=true, Min=(X=0.000 Y=0.000 Z=2000.000), Max=(X=3000.000 Y=100.000 Z=2400.000) RuntimeGrid:None EditorOnly:0 RuntimeOnly:0 HLODRelevant:1 ListedInSceneOutliner:1 IsMainWorldOnly:0 FolderPath:Playground FolderGuid:C73F09FC4215536B1DCE2A9E0A830C70
 |   |   |- Guid:BFE471274C9BA29060A39DA90567A0DD BaseClass: NativeClass:/Script/Engine.TriggerBox Name:TriggerBox_UAID_F02F74AD4569155002_1365704678 Label:TriggerBox SpatiallyLoaded:1 Bounds:IsValid=true, Min=(X=501.250 Y=401.250 Z=2001.250), Max=(X=598.750 Y=498.750 Z=2098.750) RuntimeGrid:None EditorOnly:0 RuntimeOnly:0 HLODRelevant:0 ListedInSceneOutliner:1 IsMainWorldOnly:0
 |   |   |- Guid:C2F4D31A43A33F6FEC1A7483F3B091D5 BaseClass: NativeClass:/Script/Engine.StaticMeshActor Name:StaticMeshActor_UAID_F02F74AD4569155002_1280766675 Label:Cube4 SpatiallyLoaded:1 Bounds:IsValid=true, Min=(X=530.000 Y=330.000 Z=1997.500), Max=(X=580.000 Y=380.000 Z=2122.500) RuntimeGrid:None EditorOnly:0 RuntimeOnly:0 HLODRelevant:1 ListedInSceneOutliner:1 IsMainWorldOnly:0
 |   |   |- Guid:CCFF262C46EEFFDF319E7F9539CE697E BaseClass: NativeClass:/Script/Engine.SkyAtmosphere Name:SkyAtmosphere_0 Label:SkyAtmosphere SpatiallyLoaded:0 Bounds:IsValid=true, Min=(X=0.000 Y=0.000 Z=1020.000), Max=(X=0.000 Y=0.000 Z=1020.000) RuntimeGrid:None EditorOnly:0 RuntimeOnly:0 HLODRelevant:0 ListedInSceneOutliner:1 IsMainWorldOnly:0 FolderPath:Lighting FolderGuid:963EC3EB4002CCE9759E2EBA541A873A
 |   |   |- Guid:DAB85AD342796CDC76DD1684FF9B9EEE BaseClass: NativeClass:/Script/Engine.StaticMeshActor Name:StaticMeshActor_UAID_2C58B99582CD674F02_2011066049 Label:SM_Cube7 SpatiallyLoaded:1 Bounds:IsValid=true, Min=(X=0.000 Y=1700.000 Z=950.000), Max=(X=3000.000 Y=1800.000 Z=1950.000) RuntimeGrid:None EditorOnly:0 RuntimeOnly:0 HLODRelevant:1 ListedInSceneOutliner:1 IsMainWorldOnly:0 FolderPath:Playground FolderGuid:C73F09FC4215536B1DCE2A9E0A830C70
 |   |   |- Guid:DE4F554949284DF62612DE86997F319E BaseClass: NativeClass:/Script/Engine.StaticMeshActor Name:StaticMeshActor_UAID_F02F74AD4569585102_1500941520 Label:SM_Cube13 SpatiallyLoaded:1 Bounds:IsValid=true, Min=(X=-5325.000 Y=0.000 Z=1900.000), Max=(X=-3875.000 Y=4400.000 Z=1950.000) RuntimeGrid:None EditorOnly:0 RuntimeOnly:0 HLODRelevant:1 ListedInSceneOutliner:1 IsMainWorldOnly:0 FolderPath:NEW CITY FolderGuid:39E47AEF423D4DAB27413292451BB206
 |   |   |- Guid:E2EBF4B64B0450CD2AD618A0DE0861C7 BaseClass: NativeClass:/Script/Engine.StaticMeshActor Name:StaticMeshActor_UAID_F02F74AD4569585102_1634092521 Label:SM_Cube15 SpatiallyLoaded:1 Bounds:IsValid=true, Min=(X=-3876.000 Y=0.000 Z=1950.000), Max=(X=-3026.000 Y=4400.000 Z=2000.000) RuntimeGrid:None EditorOnly:0 RuntimeOnly:0 HLODRelevant:1 ListedInSceneOutliner:1 IsMainWorldOnly:0 FolderPath:NEW CITY FolderGuid:39E47AEF423D4DAB27413292451BB206
 |   |   |- Guid:E501E3AB4B0A4D9F725537BFD05FA0DB BaseClass: NativeClass:/Script/Engine.StaticMeshActor Name:StaticMeshActor_UAID_2C58B99582CD674F02_2123624052 Label:SM_Cube10 SpatiallyLoaded:1 Bounds:IsValid=true, Min=(X=0.000 Y=1800.000 Z=950.000), Max=(X=100.000 Y=3400.000 Z=2000.000) RuntimeGrid:None EditorOnly:0 RuntimeOnly:0 HLODRelevant:1 ListedInSceneOutliner:1 IsMainWorldOnly:0 FolderPath:Playground FolderGuid:C73F09FC4215536B1DCE2A9E0A830C70
 |   |   |- Guid:E7E3D5CE49280CA1C3249CAC89AB86BE BaseClass: NativeClass:/Script/Engine.StaticMeshActor Name:StaticMeshActor_UAID_F02F74AD4569585102_2092593524 Label:SM_Cube18 SpatiallyLoaded:1 Bounds:IsValid=true, Min=(X=-6170.000 Y=3225.000 Z=2000.000), Max=(X=-6095.000 Y=3350.000 Z=2225.000) RuntimeGrid:None EditorOnly:0 RuntimeOnly:0 HLODRelevant:1 ListedInSceneOutliner:1 IsMainWorldOnly:0 FolderPath:NEW CITY FolderGuid:39E47AEF423D4DAB27413292451BB206
 |   |   |- Guid:E964E4BD4AF3D8205E4E8CB68BCC67AF BaseClass: NativeClass:/Script/Engine.StaticMeshActor Name:StaticMeshActor_UAID_F02F74AD4569585102_1197955519 Label:SM_Cube12 SpatiallyLoaded:1 Bounds:IsValid=true, Min=(X=-7075.000 Y=3250.000 Z=1995.000), Max=(X=-6175.000 Y=4400.000 Z=2745.000) RuntimeGrid:None EditorOnly:0 RuntimeOnly:0 HLODRelevant:1 ListedInSceneOutliner:1 IsMainWorldOnly:0 FolderPath:NEW CITY FolderGuid:39E47AEF423D4DAB27413292451BB206
 |   |   |- Guid:EC4E0C944CE6AC6E784BC6BB2916EA13 BaseClass: NativeClass:/Script/Engine.StaticMeshActor Name:StaticMeshActor_UAID_A4AE111137DC5EFB00_1110535423 Label:SM_SkySphere SpatiallyLoaded:0 Bounds:IsValid=true, Min=(X=-1638400.000 Y=-1638400.000 Z=-1638400.000), Max=(X=1638400.000 Y=1638400.000 Z=1638400.000) RuntimeGrid:None EditorOnly:0 RuntimeOnly:0 HLODRelevant:1 ListedInSceneOutliner:1 IsMainWorldOnly:0 FolderPath:Lighting FolderGuid:963EC3EB4002CCE9759E2EBA541A873A
 |   |   |- Guid:EFA6BD0C4086B320031D419F3740F9C8 BaseClass:/Game/Wall_InRange.Wall_InRange_C NativeClass:/Script/Engine.Actor Name:Wall_InRange_C_UAID_2C58B9955C30B54F02_1168699778 Label:Wall_InRange SpatiallyLoaded:1 Bounds:IsValid=true, Min=(X=830.000 Y=800.000 Z=2000.000), Max=(X=1500.000 Y=1400.000 Z=2400.000) RuntimeGrid:None EditorOnly:0 RuntimeOnly:0 HLODRelevant:0 ListedInSceneOutliner:1 IsMainWorldOnly:0
 |   |   |- Guid:F1924B8D48954B30891B2DB6A694F9CC BaseClass: NativeClass:/Script/Engine.StaticMeshActor Name:StaticMeshActor_1 Label:SM_Cube SpatiallyLoaded:1 Bounds:IsValid=true, Min=(X=0.000 Y=0.000 Z=1950.000), Max=(X=3000.000 Y=1800.000 Z=2000.000) RuntimeGrid:None EditorOnly:0 RuntimeOnly:0 HLODRelevant:1 ListedInSceneOutliner:1 IsMainWorldOnly:0 FolderPath:Playground FolderGuid:C73F09FC4215536B1DCE2A9E0A830C70
 |   |   |- Guid:F5E3FEB3450C49844FD93DA8E083C8AD BaseClass: NativeClass:/Script/Engine.PostProcessVolume Name:PostProcessVolume_0 Label:PostProcessVolume SpatiallyLoaded:0 Bounds:IsValid=true, Min=(X=0.000 Y=0.000 Z=400.000), Max=(X=200.000 Y=200.000 Z=600.000) RuntimeGrid:None EditorOnly:0 RuntimeOnly:0 HLODRelevant:0 ListedInSceneOutliner:1 IsMainWorldOnly:0 FolderPath:Lighting FolderGuid:963EC3EB4002CCE9759E2EBA541A873A
 |   |   |- Guid:FF698C67459ADB4982D7759C0905EE9F BaseClass: NativeClass:/Script/Engine.StaticMeshActor Name:StaticMeshActor_6 Label:SM_Cube3 SpatiallyLoaded:1 Bounds:IsValid=true, Min=(X=0.000 Y=3400.000 Z=2000.000), Max=(X=3000.000 Y=3500.000 Z=2400.000) RuntimeGrid:None EditorOnly:0 RuntimeOnly:0 HLODRelevant:1 ListedInSceneOutliner:1 IsMainWorldOnly:0 FolderPath:Playground FolderGuid:C73F09FC4215536B1DCE2A9E0A830C70
 |   |   |- Guid:FF6BC10046593F9777E07FAB8D07F969 BaseClass: NativeClass:/Script/Engine.StaticMeshActor Name:StaticMeshActor_UAID_2C58B99582CD674F02_1989764048 Label:SM_Cube4 SpatiallyLoaded:1 Bounds:IsValid=true, Min=(X=0.000 Y=1800.000 Z=950.000), Max=(X=2900.000 Y=3400.000 Z=1000.000) RuntimeGrid:None EditorOnly:0 RuntimeOnly:0 HLODRelevant:1 ListedInSceneOutliner:1 IsMainWorldOnly:0 FolderPath:Playground FolderGuid:C73F09FC4215536B1DCE2A9E0A830C70
 |   |- [+] Clusters:
 |   |   |- [+] [  0]
 |   |   |   |- Guid:2BFDE1F3485C9644BAA2B1A0F3BF4201 BaseClass: NativeClass:/Script/Engine.TriggerBox Name:TriggerBox_UAID_F02F74AD4569155002_1428010682 Label:TriggerBox5 SpatiallyLoaded:1 Bounds:IsValid=true, Min=(X=1301.250 Y=401.250 Z=2001.250), Max=(X=1398.750 Y=498.750 Z=2098.750) RuntimeGrid:None EditorOnly:0 RuntimeOnly:0 HLODRelevant:0 ListedInSceneOutliner:1 IsMainWorldOnly:0
 |   |   |- [+] [  1]
 |   |   |   |- Guid:2C94533F4A7036AFEDE9BB9414A97003 BaseClass: NativeClass:/Script/Engine.StaticMeshActor Name:StaticMeshActor_UAID_2C58B99582CD684F02_1297615232 Label:SM_Cube14 SpatiallyLoaded:1 Bounds:IsValid=true, Min=(X=100.000 Y=1780.000 Z=2000.000), Max=(X=2900.000 Y=1805.000 Z=2100.000) RuntimeGrid:None EditorOnly:0 RuntimeOnly:0 HLODRelevant:1 ListedInSceneOutliner:1 IsMainWorldOnly:0 FolderPath:Playground FolderGuid:C73F09FC4215536B1DCE2A9E0A830C70
 |   |   |- [+] [  2]
 |   |   |   |- Guid:2FB58999456391D349DC0F86DAC136ED BaseClass: NativeClass:/Script/Engine.SkyLight Name:SkyLight_1 Label:SkyLight SpatiallyLoaded:0 Bounds:IsValid=true, Min=(X=0.000 Y=0.000 Z=690.000), Max=(X=0.000 Y=0.000 Z=690.000) RuntimeGrid:None EditorOnly:0 RuntimeOnly:0 HLODRelevant:0 ListedInSceneOutliner:1 IsMainWorldOnly:0 FolderPath:Lighting FolderGuid:963EC3EB4002CCE9759E2EBA541A873A
 |   |   |- [+] [  3]
 |   |   |   |- Guid:316CF2A6494ACA4C0E4180A87D36AB8F BaseClass: NativeClass:/Script/Engine.ExponentialHeightFog Name:ExponentialHeightFog_0 Label:ExponentialHeightFog SpatiallyLoaded:0 Bounds:IsValid=true, Min=(X=-5600.000 Y=-50.000 Z=-6850.000), Max=(X=-5600.000 Y=-50.000 Z=-6850.000) RuntimeGrid:None EditorOnly:0 RuntimeOnly:0 HLODRelevant:0 ListedInSceneOutliner:1 IsMainWorldOnly:0 FolderPath:Lighting FolderGuid:963EC3EB4002CCE9759E2EBA541A873A
 |   |   |- [+] [  4]
 |   |   |   |- Guid:32A7E4C44E4F46839F296EB154456E2C BaseClass: NativeClass:/Script/Engine.StaticMeshActor Name:StaticMeshActor_UAID_F02F74AD4569585102_2137913525 Label:SM_Cube19 SpatiallyLoaded:1 Bounds:IsValid=true, Min=(X=-7075.000 Y=1800.000 Z=2970.000), Max=(X=-6175.000 Y=2950.000 Z=3095.000) RuntimeGrid:None EditorOnly:0 RuntimeOnly:0 HLODRelevant:1 ListedInSceneOutliner:1 IsMainWorldOnly:0 FolderPath:NEW CITY FolderGuid:39E47AEF423D4DAB27413292451BB206
 |   |   |- [+] [  5]
 |   |   |   |- Guid:32C8694246A9CC4763882FACBA30BAD5 BaseClass: NativeClass:/Script/Engine.StaticMeshActor Name:StaticMeshActor_UAID_F02F74AD4569035102_1765004559 Label:SM_Cube11 SpatiallyLoaded:1 Bounds:IsValid=true, Min=(X=-6175.000 Y=0.000 Z=1950.000), Max=(X=-5325.000 Y=4400.000 Z=2000.000) RuntimeGrid:None EditorOnly:0 RuntimeOnly:0 HLODRelevant:1 ListedInSceneOutliner:1 IsMainWorldOnly:0 FolderPath:NEW CITY FolderGuid:39E47AEF423D4DAB27413292451BB206
 |   |   |- [+] [  6]
 |   |   |   |- Guid:331A37374A4ACF187648C29BA24B36A4 BaseClass: NativeClass:/Script/Engine.StaticMeshActor Name:StaticMeshActor_UAID_F02F74AD4569135002_1881926320 Label:Cube SpatiallyLoaded:1 Bounds:IsValid=true, Min=(X=1120.000 Y=330.000 Z=2000.000), Max=(X=1170.000 Y=380.000 Z=2150.000) RuntimeGrid:None EditorOnly:0 RuntimeOnly:0 HLODRelevant:1 ListedInSceneOutliner:1 IsMainWorldOnly:0
 |   |   |- [+] [  7]
 |   |   |   |- Guid:35BFDC104FE2F6D2F3CAB7B0561F23B8 BaseClass: NativeClass:/Script/Engine.StaticMeshActor Name:StaticMeshActor_UAID_F02F74AD4569135002_2031815321 Label:Cube2 SpatiallyLoaded:1 Bounds:IsValid=true, Min=(X=725.000 Y=330.000 Z=1997.500), Max=(X=775.000 Y=380.000 Z=2172.500) RuntimeGrid:None EditorOnly:0 RuntimeOnly:0 HLODRelevant:1 ListedInSceneOutliner:1 IsMainWorldOnly:0
 |   |   |- [+] [  8]
 |   |   |   |- Guid:3A00AA1C422CE54C0BDB60BAF471BFBB BaseClass: NativeClass:/Script/Engine.PlayerStart Name:PlayerStart_0 Label:PlayerStart SpatiallyLoaded:0 Bounds:IsValid=true, Min=(X=470.000 Y=1070.000 Z=2000.013), Max=(X=550.000 Y=1150.000 Z=2184.013) RuntimeGrid:None EditorOnly:0 RuntimeOnly:0 HLODRelevant:0 ListedInSceneOutliner:1 IsMainWorldOnly:0
 |   |   |- [+] [  9]
 |   |   |   |- Guid:43815E84492231AFC407F59E3C28176B BaseClass: NativeClass:/Script/Engine.StaticMeshActor Name:StaticMeshActor_4 Label:SM_Cube6 SpatiallyLoaded:1 Bounds:IsValid=true, Min=(X=2900.000 Y=100.000 Z=2000.000), Max=(X=3000.000 Y=3400.000 Z=2400.000) RuntimeGrid:None EditorOnly:0 RuntimeOnly:0 HLODRelevant:1 ListedInSceneOutliner:1 IsMainWorldOnly:0 FolderPath:Playground FolderGuid:C73F09FC4215536B1DCE2A9E0A830C70
 |   |   |- [+] [ 10]
 |   |   |   |- Guid:4D3BE93F4146AAAC8BBE79999D96D57F BaseClass: NativeClass:/Script/Engine.VolumetricCloud Name:VolumetricCloud_0 Label:VolumetricCloud SpatiallyLoaded:0 Bounds:IsValid=true, Min=(X=0.000 Y=0.000 Z=820.000), Max=(X=0.000 Y=0.000 Z=820.000) RuntimeGrid:None EditorOnly:0 RuntimeOnly:0 HLODRelevant:0 ListedInSceneOutliner:1 IsMainWorldOnly:0 FolderPath:Lighting FolderGuid:963EC3EB4002CCE9759E2EBA541A873A
 |   |   |- [+] [ 11]
 |   |   |   |- Guid:5662AA7C4F021E368870278B484CA65C BaseClass: NativeClass:/Script/Engine.StaticMeshActor Name:StaticMeshActor_UAID_F02F74AD4569155002_1260722674 Label:Cube3 SpatiallyLoaded:1 Bounds:IsValid=true, Min=(X=925.000 Y=330.000 Z=2000.000), Max=(X=975.000 Y=380.000 Z=2200.000) RuntimeGrid:None EditorOnly:0 RuntimeOnly:0 HLODRelevant:1 ListedInSceneOutliner:1 IsMainWorldOnly:0
 |   |   |- [+] [ 12]
 |   |   |   |- Guid:5DC8D1F041C027C80B52D7BF23AB5444 BaseClass: NativeClass:/Script/Engine.StaticMeshActor Name:StaticMeshActor_UAID_F02F74AD4569585102_1986588522 Label:SM_Cube16 SpatiallyLoaded:1 Bounds:IsValid=true, Min=(X=-7075.000 Y=2950.000 Z=1950.000), Max=(X=-6175.000 Y=3250.000 Z=2000.000) RuntimeGrid:None EditorOnly:0 RuntimeOnly:0 HLODRelevant:1 ListedInSceneOutliner:1 IsMainWorldOnly:0 FolderPath:NEW CITY FolderGuid:39E47AEF423D4DAB27413292451BB206
 |   |   |- [+] [ 13]
 |   |   |   |- Guid:6381F19C4463461E2AC5A189B0EA3034 BaseClass: NativeClass:/Script/Engine.TriggerBox Name:TriggerBox_UAID_F02F74AD4569155002_1407179680 Label:TriggerBox3 SpatiallyLoaded:1 Bounds:IsValid=true, Min=(X=901.250 Y=401.250 Z=2001.250), Max=(X=998.750 Y=498.750 Z=2098.750) RuntimeGrid:None EditorOnly:0 RuntimeOnly:0 HLODRelevant:0 ListedInSceneOutliner:1 IsMainWorldOnly:0
 |   |   |- [+] [ 14]
 |   |   |   |- Guid:66954E204C0CAD0F880B9E8C6766CF5E BaseClass: NativeClass:/Script/Engine.TriggerBox Name:TriggerBox_UAID_F02F74AD4569155002_1402094679 Label:TriggerBox2 SpatiallyLoaded:1 Bounds:IsValid=true, Min=(X=701.250 Y=401.250 Z=2001.250), Max=(X=798.750 Y=498.750 Z=2098.750) RuntimeGrid:None EditorOnly:0 RuntimeOnly:0 HLODRelevant:0 ListedInSceneOutliner:1 IsMainWorldOnly:0
 |   |   |- [+] [ 15]
 |   |   |   |- Guid:6BAF4DDD444C60371492D3919DB42C97 BaseClass: NativeClass:/Script/Engine.WorldDataLayers Name:WorldDataLayers Label:WorldDataLayers SpatiallyLoaded:0 Bounds:IsValid=true, Min=(X=0.000 Y=0.000 Z=0.000), Max=(X=0.000 Y=0.000 Z=0.000) RuntimeGrid:None EditorOnly:0 RuntimeOnly:0 HLODRelevant:0 ListedInSceneOutliner:1 IsMainWorldOnly:1
 |   |   |- [+] [ 16]
 |   |   |   |- Guid:6C489B804E5945D7E382D7A5431EFB2E BaseClass:/Game/PaintableWall.PaintableWall_C NativeClass:/Script/Engine.Actor Name:PaintableWall_C_UAID_2C58B9955C30AF4F02_1700240721 Label:PaintableWall SpatiallyLoaded:1 Bounds:IsValid=true, Min=(X=1399.000 Y=800.000 Z=2000.000), Max=(X=1399.000 Y=1400.000 Z=2400.000) RuntimeGrid:None EditorOnly:0 RuntimeOnly:0 HLODRelevant:0 ListedInSceneOutliner:1 IsMainWorldOnly:0
 |   |   |- [+] [ 17]
 |   |   |   |- Guid:9519C7F941B75B22563AD19A4033D673 BaseClass: NativeClass:/Script/Engine.StaticMeshActor Name:StaticMeshActor_UAID_2C58B99582CD674F02_2043764050 Label:SM_Cube8 SpatiallyLoaded:1 Bounds:IsValid=true, Min=(X=0.000 Y=3400.000 Z=950.000), Max=(X=3000.000 Y=3500.000 Z=2000.000) RuntimeGrid:None EditorOnly:0 RuntimeOnly:0 HLODRelevant:1 ListedInSceneOutliner:1 IsMainWorldOnly:0 FolderPath:Playground FolderGuid:C73F09FC4215536B1DCE2A9E0A830C70
 |   |   |- [+] [ 18]
 |   |   |   |- Guid:959CB6754EEB96E096CE26A8A6CC4F42 BaseClass: NativeClass:/Script/Engine.StaticMeshActor Name:StaticMeshActor_UAID_F02F74AD4569155002_1293771677 Label:Cube5 SpatiallyLoaded:1 Bounds:IsValid=true, Min=(X=1325.000 Y=330.000 Z=1997.500), Max=(X=1375.000 Y=380.000 Z=2172.500) RuntimeGrid:None EditorOnly:0 RuntimeOnly:0 HLODRelevant:1 ListedInSceneOutliner:1 IsMainWorldOnly:0
 |   |   |- [+] [ 19]
 |   |   |   |- Guid:974B0DFF4576C922B2EC61938E3F910C BaseClass: NativeClass:/Script/Engine.StaticMeshActor Name:StaticMeshActor_UAID_F02F74AD4569585102_2058372523 Label:SM_Cube17 SpatiallyLoaded:1 Bounds:IsValid=true, Min=(X=-7075.000 Y=1800.000 Z=2000.000), Max=(X=-6175.000 Y=2950.000 Z=2975.000) RuntimeGrid:None EditorOnly:0 RuntimeOnly:0 HLODRelevant:1 ListedInSceneOutliner:1 IsMainWorldOnly:0 FolderPath:NEW CITY FolderGuid:39E47AEF423D4DAB27413292451BB206
 |   |   |- [+] [ 20]
 |   |   |   |- Guid:97B11961446243018576A59D3105F6A2 BaseClass:/Game/ThirdPerson/Blueprints/BP_ThirdPersonCharacter.BP_ThirdPersonCharacter_C NativeClass:/Script/Engine.Character Name:BP_ThirdPersonCharacter_C_UAID_0068EB9D5DF16C5102_1482601039 Label:BP_ThirdPersonCharacter SpatiallyLoaded:1 Bounds:IsValid=true, Min=(X=635.000 Y=1215.000 Z=1999.851), Max=(X=707.592 Y=1285.000 Z=2180.332) RuntimeGrid:None EditorOnly:0 RuntimeOnly:0 HLODRelevant:0 ListedInSceneOutliner:1 IsMainWorldOnly:0
 |   |   |- [+] [ 21]
 |   |   |   |- Guid:9D3DB79D43B8EDECE5D3A3922E7DCA8C BaseClass: NativeClass:/Script/Engine.TriggerBox Name:TriggerBox_UAID_F02F74AD4569155002_1411695681 Label:TriggerBox4 SpatiallyLoaded:1 Bounds:IsValid=true, Min=(X=1101.250 Y=401.250 Z=2001.250), Max=(X=1198.750 Y=498.750 Z=2098.750) RuntimeGrid:None EditorOnly:0 RuntimeOnly:0 HLODRelevant:0 ListedInSceneOutliner:1 IsMainWorldOnly:0
 |   |   |- [+] [ 22]
 |   |   |   |- Guid:A56216954B2165CF0F35A886B537D536 BaseClass: NativeClass:/Script/Engine.StaticMeshActor Name:StaticMeshActor_0 Label:SM_Cube5 SpatiallyLoaded:1 Bounds:IsValid=true, Min=(X=-0.000 Y=100.000 Z=2000.000), Max=(X=100.000 Y=3400.000 Z=2400.000) RuntimeGrid:None EditorOnly:0 RuntimeOnly:0 HLODRelevant:1 ListedInSceneOutliner:1 IsMainWorldOnly:0 FolderPath:Playground FolderGuid:C73F09FC4215536B1DCE2A9E0A830C70
 |   |   |- [+] [ 23]
 |   |   |   |- Guid:B289BF0F4134775E15E7F598696E96ED BaseClass: NativeClass:/Script/Engine.StaticMeshActor Name:StaticMeshActor_UAID_2C58B99582CD674F02_2071219051 Label:SM_Cube9 SpatiallyLoaded:1 Bounds:IsValid=true, Min=(X=2900.000 Y=1800.000 Z=950.000), Max=(X=3000.000 Y=3400.000 Z=2000.000) RuntimeGrid:None EditorOnly:0 RuntimeOnly:0 HLODRelevant:1 ListedInSceneOutliner:1 IsMainWorldOnly:0 FolderPath:Playground FolderGuid:C73F09FC4215536B1DCE2A9E0A830C70
 |   |   |- [+] [ 24]
 |   |   |   |- Guid:B785ED2844B84CFB91E7F39FE661CD99 BaseClass: NativeClass:/Script/Engine.DirectionalLight Name:DirectionalLight_0 Label:DirectionalLight SpatiallyLoaded:0 Bounds:IsValid=true, Min=(X=-1048576.000 Y=-1048576.000 Z=-1048576.000), Max=(X=1048576.000 Y=1048576.000 Z=1048576.000) RuntimeGrid:None EditorOnly:0 RuntimeOnly:0 HLODRelevant:0 ListedInSceneOutliner:1 IsMainWorldOnly:0 FolderPath:Lighting FolderGuid:963EC3EB4002CCE9759E2EBA541A873A
 |   |   |- [+] [ 25]
 |   |   |   |- Guid:BC08B79C4EA3C961CFF75EBBE83B367D BaseClass: NativeClass:/Script/Engine.StaticMeshActor Name:StaticMeshActor_5 Label:SM_Cube2 SpatiallyLoaded:1 Bounds:IsValid=true, Min=(X=0.000 Y=0.000 Z=2000.000), Max=(X=3000.000 Y=100.000 Z=2400.000) RuntimeGrid:None EditorOnly:0 RuntimeOnly:0 HLODRelevant:1 ListedInSceneOutliner:1 IsMainWorldOnly:0 FolderPath:Playground FolderGuid:C73F09FC4215536B1DCE2A9E0A830C70
 |   |   |- [+] [ 26]
 |   |   |   |- Guid:BFE471274C9BA29060A39DA90567A0DD BaseClass: NativeClass:/Script/Engine.TriggerBox Name:TriggerBox_UAID_F02F74AD4569155002_1365704678 Label:TriggerBox SpatiallyLoaded:1 Bounds:IsValid=true, Min=(X=501.250 Y=401.250 Z=2001.250), Max=(X=598.750 Y=498.750 Z=2098.750) RuntimeGrid:None EditorOnly:0 RuntimeOnly:0 HLODRelevant:0 ListedInSceneOutliner:1 IsMainWorldOnly:0
 |   |   |- [+] [ 27]
 |   |   |   |- Guid:C2F4D31A43A33F6FEC1A7483F3B091D5 BaseClass: NativeClass:/Script/Engine.StaticMeshActor Name:StaticMeshActor_UAID_F02F74AD4569155002_1280766675 Label:Cube4 SpatiallyLoaded:1 Bounds:IsValid=true, Min=(X=530.000 Y=330.000 Z=1997.500), Max=(X=580.000 Y=380.000 Z=2122.500) RuntimeGrid:None EditorOnly:0 RuntimeOnly:0 HLODRelevant:1 ListedInSceneOutliner:1 IsMainWorldOnly:0
 |   |   |- [+] [ 28]
 |   |   |   |- Guid:CCFF262C46EEFFDF319E7F9539CE697E BaseClass: NativeClass:/Script/Engine.SkyAtmosphere Name:SkyAtmosphere_0 Label:SkyAtmosphere SpatiallyLoaded:0 Bounds:IsValid=true, Min=(X=0.000 Y=0.000 Z=1020.000), Max=(X=0.000 Y=0.000 Z=1020.000) RuntimeGrid:None EditorOnly:0 RuntimeOnly:0 HLODRelevant:0 ListedInSceneOutliner:1 IsMainWorldOnly:0 FolderPath:Lighting FolderGuid:963EC3EB4002CCE9759E2EBA541A873A
 |   |   |- [+] [ 29]
 |   |   |   |- Guid:DAB85AD342796CDC76DD1684FF9B9EEE BaseClass: NativeClass:/Script/Engine.StaticMeshActor Name:StaticMeshActor_UAID_2C58B99582CD674F02_2011066049 Label:SM_Cube7 SpatiallyLoaded:1 Bounds:IsValid=true, Min=(X=0.000 Y=1700.000 Z=950.000), Max=(X=3000.000 Y=1800.000 Z=1950.000) RuntimeGrid:None EditorOnly:0 RuntimeOnly:0 HLODRelevant:1 ListedInSceneOutliner:1 IsMainWorldOnly:0 FolderPath:Playground FolderGuid:C73F09FC4215536B1DCE2A9E0A830C70
 |   |   |- [+] [ 30]
 |   |   |   |- Guid:DE4F554949284DF62612DE86997F319E BaseClass: NativeClass:/Script/Engine.StaticMeshActor Name:StaticMeshActor_UAID_F02F74AD4569585102_1500941520 Label:SM_Cube13 SpatiallyLoaded:1 Bounds:IsValid=true, Min=(X=-5325.000 Y=0.000 Z=1900.000), Max=(X=-3875.000 Y=4400.000 Z=1950.000) RuntimeGrid:None EditorOnly:0 RuntimeOnly:0 HLODRelevant:1 ListedInSceneOutliner:1 IsMainWorldOnly:0 FolderPath:NEW CITY FolderGuid:39E47AEF423D4DAB27413292451BB206
 |   |   |- [+] [ 31]
 |   |   |   |- Guid:E2EBF4B64B0450CD2AD618A0DE0861C7 BaseClass: NativeClass:/Script/Engine.StaticMeshActor Name:StaticMeshActor_UAID_F02F74AD4569585102_1634092521 Label:SM_Cube15 SpatiallyLoaded:1 Bounds:IsValid=true, Min=(X=-3876.000 Y=0.000 Z=1950.000), Max=(X=-3026.000 Y=4400.000 Z=2000.000) RuntimeGrid:None EditorOnly:0 RuntimeOnly:0 HLODRelevant:1 ListedInSceneOutliner:1 IsMainWorldOnly:0 FolderPath:NEW CITY FolderGuid:39E47AEF423D4DAB27413292451BB206
 |   |   |- [+] [ 32]
 |   |   |   |- Guid:E501E3AB4B0A4D9F725537BFD05FA0DB BaseClass: NativeClass:/Script/Engine.StaticMeshActor Name:StaticMeshActor_UAID_2C58B99582CD674F02_2123624052 Label:SM_Cube10 SpatiallyLoaded:1 Bounds:IsValid=true, Min=(X=0.000 Y=1800.000 Z=950.000), Max=(X=100.000 Y=3400.000 Z=2000.000) RuntimeGrid:None EditorOnly:0 RuntimeOnly:0 HLODRelevant:1 ListedInSceneOutliner:1 IsMainWorldOnly:0 FolderPath:Playground FolderGuid:C73F09FC4215536B1DCE2A9E0A830C70
 |   |   |- [+] [ 33]
 |   |   |   |- Guid:E7E3D5CE49280CA1C3249CAC89AB86BE BaseClass: NativeClass:/Script/Engine.StaticMeshActor Name:StaticMeshActor_UAID_F02F74AD4569585102_2092593524 Label:SM_Cube18 SpatiallyLoaded:1 Bounds:IsValid=true, Min=(X=-6170.000 Y=3225.000 Z=2000.000), Max=(X=-6095.000 Y=3350.000 Z=2225.000) RuntimeGrid:None EditorOnly:0 RuntimeOnly:0 HLODRelevant:1 ListedInSceneOutliner:1 IsMainWorldOnly:0 FolderPath:NEW CITY FolderGuid:39E47AEF423D4DAB27413292451BB206
 |   |   |- [+] [ 34]
 |   |   |   |- Guid:E964E4BD4AF3D8205E4E8CB68BCC67AF BaseClass: NativeClass:/Script/Engine.StaticMeshActor Name:StaticMeshActor_UAID_F02F74AD4569585102_1197955519 Label:SM_Cube12 SpatiallyLoaded:1 Bounds:IsValid=true, Min=(X=-7075.000 Y=3250.000 Z=1995.000), Max=(X=-6175.000 Y=4400.000 Z=2745.000) RuntimeGrid:None EditorOnly:0 RuntimeOnly:0 HLODRelevant:1 ListedInSceneOutliner:1 IsMainWorldOnly:0 FolderPath:NEW CITY FolderGuid:39E47AEF423D4DAB27413292451BB206
 |   |   |- [+] [ 35]
 |   |   |   |- Guid:EC4E0C944CE6AC6E784BC6BB2916EA13 BaseClass: NativeClass:/Script/Engine.StaticMeshActor Name:StaticMeshActor_UAID_A4AE111137DC5EFB00_1110535423 Label:SM_SkySphere SpatiallyLoaded:0 Bounds:IsValid=true, Min=(X=-1638400.000 Y=-1638400.000 Z=-1638400.000), Max=(X=1638400.000 Y=1638400.000 Z=1638400.000) RuntimeGrid:None EditorOnly:0 RuntimeOnly:0 HLODRelevant:1 ListedInSceneOutliner:1 IsMainWorldOnly:0 FolderPath:Lighting FolderGuid:963EC3EB4002CCE9759E2EBA541A873A
 |   |   |- [+] [ 36]
 |   |   |   |- Guid:EFA6BD0C4086B320031D419F3740F9C8 BaseClass:/Game/Wall_InRange.Wall_InRange_C NativeClass:/Script/Engine.Actor Name:Wall_InRange_C_UAID_2C58B9955C30B54F02_1168699778 Label:Wall_InRange SpatiallyLoaded:1 Bounds:IsValid=true, Min=(X=830.000 Y=800.000 Z=2000.000), Max=(X=1500.000 Y=1400.000 Z=2400.000) RuntimeGrid:None EditorOnly:0 RuntimeOnly:0 HLODRelevant:0 ListedInSceneOutliner:1 IsMainWorldOnly:0
 |   |   |- [+] [ 37]
 |   |   |   |- Guid:F1924B8D48954B30891B2DB6A694F9CC BaseClass: NativeClass:/Script/Engine.StaticMeshActor Name:StaticMeshActor_1 Label:SM_Cube SpatiallyLoaded:1 Bounds:IsValid=true, Min=(X=0.000 Y=0.000 Z=1950.000), Max=(X=3000.000 Y=1800.000 Z=2000.000) RuntimeGrid:None EditorOnly:0 RuntimeOnly:0 HLODRelevant:1 ListedInSceneOutliner:1 IsMainWorldOnly:0 FolderPath:Playground FolderGuid:C73F09FC4215536B1DCE2A9E0A830C70
 |   |   |- [+] [ 38]
 |   |   |   |- Guid:F5E3FEB3450C49844FD93DA8E083C8AD BaseClass: NativeClass:/Script/Engine.PostProcessVolume Name:PostProcessVolume_0 Label:PostProcessVolume SpatiallyLoaded:0 Bounds:IsValid=true, Min=(X=0.000 Y=0.000 Z=400.000), Max=(X=200.000 Y=200.000 Z=600.000) RuntimeGrid:None EditorOnly:0 RuntimeOnly:0 HLODRelevant:0 ListedInSceneOutliner:1 IsMainWorldOnly:0 FolderPath:Lighting FolderGuid:963EC3EB4002CCE9759E2EBA541A873A
 |   |   |- [+] [ 39]
 |   |   |   |- Guid:FF698C67459ADB4982D7759C0905EE9F BaseClass: NativeClass:/Script/Engine.StaticMeshActor Name:StaticMeshActor_6 Label:SM_Cube3 SpatiallyLoaded:1 Bounds:IsValid=true, Min=(X=0.000 Y=3400.000 Z=2000.000), Max=(X=3000.000 Y=3500.000 Z=2400.000) RuntimeGrid:None EditorOnly:0 RuntimeOnly:0 HLODRelevant:1 ListedInSceneOutliner:1 IsMainWorldOnly:0 FolderPath:Playground FolderGuid:C73F09FC4215536B1DCE2A9E0A830C70
 |   |   |- [+] [ 40]
 |   |   |   |- Guid:FF6BC10046593F9777E07FAB8D07F969 BaseClass: NativeClass:/Script/Engine.StaticMeshActor Name:StaticMeshActor_UAID_2C58B99582CD674F02_1989764048 Label:SM_Cube4 SpatiallyLoaded:1 Bounds:IsValid=true, Min=(X=0.000 Y=1800.000 Z=950.000), Max=(X=2900.000 Y=3400.000 Z=1000.000) RuntimeGrid:None EditorOnly:0 RuntimeOnly:0 HLODRelevant:1 ListedInSceneOutliner:1 IsMainWorldOnly:0 FolderPath:Playground FolderGuid:C73F09FC4215536B1DCE2A9E0A830C70
 |- ContainerInstances:
 |- [+] MainContainer:
 |   |-        ID: 00000000000000000000000000000000
 |   |-  ParentID: 00000000000000000000000000000000
 |   |-    Bounds: IsValid=false, Min=(X=0.000 Y=0.000 Z=0.000), Max=(X=0.000 Y=0.000 Z=0.000)
 |   |- Transform: 0.000000,0.000000,0.000000|0.000000,0.000000,-0.000000|1.000000,1.000000,1.000000
 |   |- Container: /Game/ThirdPerson/Maps/ThirdPersonMap
----------------------------------------------------------------------------------------------------------------
ThirdPersonMap - Persistent Level
----------------------------------------------------------------------------------------------------------------
[+] Content of ThirdPersonMap Persistent Level
 |- Always loaded Actor Count: 41 
 |- Actor Path: /Game/ThirdPerson/Maps/ThirdPersonMap.ThirdPersonMap:PersistentLevel.BP_ThirdPersonCharacter_C_UAID_0068EB9D5DF16C5102_1482601039
 |- Actor Package: /Game/__ExternalActors__/ThirdPerson/Maps/ThirdPersonMap/6/EJ/OP52F7YN8YVB7U621FICB3
 |- Actor Path: /Game/ThirdPerson/Maps/ThirdPersonMap.ThirdPersonMap:PersistentLevel.DirectionalLight_0
 |- Actor Package: /Game/__ExternalActors__/ThirdPerson/Maps/ThirdPersonMap/5/R1/TS5OQ5CRUWFZYL1ZQ7I416
 |- Actor Path: /Game/ThirdPerson/Maps/ThirdPersonMap.ThirdPersonMap:PersistentLevel.ExponentialHeightFog_0
 |- Actor Package: /Game/__ExternalActors__/ThirdPerson/Maps/ThirdPersonMap/6/J7/N10XDC9G27EMLS5AGZ6AVV
 |- Actor Path: /Game/ThirdPerson/Maps/ThirdPersonMap.ThirdPersonMap:PersistentLevel.PaintableWall_C_UAID_2C58B9955C30AF4F02_1700240721
 |- Actor Package: /Game/__ExternalActors__/ThirdPerson/Maps/ThirdPersonMap/9/B7/XA8PTNFDVVRB93KC3CLY27
 |- Actor Path: /Game/ThirdPerson/Maps/ThirdPersonMap.ThirdPersonMap:PersistentLevel.PlayerStart_0
 |- Actor Package: /Game/__ExternalActors__/ThirdPerson/Maps/ThirdPersonMap/D/DE/SWSI13675DVYIZ0N4NF7Y3
 |- Actor Path: /Game/ThirdPerson/Maps/ThirdPersonMap.ThirdPersonMap:PersistentLevel.PostProcessVolume_0
 |- Actor Package: /Game/__ExternalActors__/ThirdPerson/Maps/ThirdPersonMap/1/AZ/A7GPT109Y6ZTTJD4A7TXER
 |- Actor Path: /Game/ThirdPerson/Maps/ThirdPersonMap.ThirdPersonMap:PersistentLevel.SkyAtmosphere_0
 |- Actor Package: /Game/__ExternalActors__/ThirdPerson/Maps/ThirdPersonMap/4/LN/30UBDLYFFA5ZR7U4W4L4GG
 |- Actor Path: /Game/ThirdPerson/Maps/ThirdPersonMap.ThirdPersonMap:PersistentLevel.SkyLight_1
 |- Actor Package: /Game/__ExternalActors__/ThirdPerson/Maps/ThirdPersonMap/8/S1/DXUWD12MD3HRWVVXX076BY
 |- Actor Path: /Game/ThirdPerson/Maps/ThirdPersonMap.ThirdPersonMap:PersistentLevel.StaticMeshActor_0
 |- Actor Package: /Game/__ExternalActors__/ThirdPerson/Maps/ThirdPersonMap/A/MS/MRHJREJ6H7USQYWF1KO8F6
 |- Actor Path: /Game/ThirdPerson/Maps/ThirdPersonMap.ThirdPersonMap:PersistentLevel.StaticMeshActor_1
 |- Actor Package: /Game/__ExternalActors__/ThirdPerson/Maps/ThirdPersonMap/6/YO/NG2R9BPZVA7ZDN0Z4VSTG6
 |- Actor Path: /Game/ThirdPerson/Maps/ThirdPersonMap.ThirdPersonMap:PersistentLevel.StaticMeshActor_4
 |- Actor Package: /Game/__ExternalActors__/ThirdPerson/Maps/ThirdPersonMap/5/9Q/U98KGKQ41NJYFOGFQM8ZDY
 |- Actor Path: /Game/ThirdPerson/Maps/ThirdPersonMap.ThirdPersonMap:PersistentLevel.StaticMeshActor_5
 |- Actor Package: /Game/__ExternalActors__/ThirdPerson/Maps/ThirdPersonMap/C/QF/BY1DA5CRGQSAMOTK8RA8KR
 |- Actor Path: /Game/ThirdPerson/Maps/ThirdPersonMap.ThirdPersonMap:PersistentLevel.StaticMeshActor_6
 |- Actor Package: /Game/__ExternalActors__/ThirdPerson/Maps/ThirdPersonMap/D/0G/JNKFA4X9LRMSF343ESPF6Q
 |- Actor Path: /Game/ThirdPerson/Maps/ThirdPersonMap.ThirdPersonMap:PersistentLevel.StaticMeshActor_UAID_2C58B99582CD674F02_1989764048
 |- Actor Package: /Game/__ExternalActors__/ThirdPerson/Maps/ThirdPersonMap/1/BG/M00HCU4NZ4NXBIU98DE11P
 |- Actor Path: /Game/ThirdPerson/Maps/ThirdPersonMap.ThirdPersonMap:PersistentLevel.StaticMeshActor_UAID_2C58B99582CD674F02_2011066049
 |- Actor Package: /Game/__ExternalActors__/ThirdPerson/Maps/ThirdPersonMap/D/9D/E6UJUL0LF24QCWJDCTENJR
 |- Actor Path: /Game/ThirdPerson/Maps/ThirdPersonMap.ThirdPersonMap:PersistentLevel.StaticMeshActor_UAID_2C58B99582CD674F02_2043764050
 |- Actor Package: /Game/__ExternalActors__/ThirdPerson/Maps/ThirdPersonMap/8/Y2/O9DTDCID6HANIK8U27162J
 |- Actor Path: /Game/ThirdPerson/Maps/ThirdPersonMap.ThirdPersonMap:PersistentLevel.StaticMeshActor_UAID_2C58B99582CD674F02_2071219051
 |- Actor Package: /Game/__ExternalActors__/ThirdPerson/Maps/ThirdPersonMap/2/WN/UVM3UO8X8TGQNCMT450UHS
 |- Actor Path: /Game/ThirdPerson/Maps/ThirdPersonMap.ThirdPersonMap:PersistentLevel.StaticMeshActor_UAID_2C58B99582CD674F02_2123624052
 |- Actor Package: /Game/__ExternalActors__/ThirdPerson/Maps/ThirdPersonMap/F/4P/76AKSE8GHEN7H6VPW21BZP
 |- Actor Path: /Game/ThirdPerson/Maps/ThirdPersonMap.ThirdPersonMap:PersistentLevel.StaticMeshActor_UAID_2C58B99582CD684F02_1297615232
 |- Actor Package: /Game/__ExternalActors__/ThirdPerson/Maps/ThirdPersonMap/9/VK/IV4M8TYHK0Y4PJO5MMWV4P
 |- Actor Path: /Game/ThirdPerson/Maps/ThirdPersonMap.ThirdPersonMap:PersistentLevel.StaticMeshActor_UAID_A4AE111137DC5EFB00_1110535423
 |- Actor Package: /Game/__ExternalActors__/ThirdPerson/Maps/ThirdPersonMap/4/PN/2QISIGK5DJNQ05US8O8FXW
 |- Actor Path: /Game/ThirdPerson/Maps/ThirdPersonMap.ThirdPersonMap:PersistentLevel.StaticMeshActor_UAID_F02F74AD4569035102_1765004559
 |- Actor Package: /Game/__ExternalActors__/ThirdPerson/Maps/ThirdPersonMap/1/M8/BWZK4MGS3687DQEUK8U9U5
 |- Actor Path: /Game/ThirdPerson/Maps/ThirdPersonMap.ThirdPersonMap:PersistentLevel.StaticMeshActor_UAID_F02F74AD4569135002_1881926320
 |- Actor Package: /Game/__ExternalActors__/ThirdPerson/Maps/ThirdPersonMap/A/0Q/ZN4K69HSL7LZJXHT8U2O0Z
 |- Actor Path: /Game/ThirdPerson/Maps/ThirdPersonMap.ThirdPersonMap:PersistentLevel.StaticMeshActor_UAID_F02F74AD4569135002_2031815321
 |- Actor Package: /Game/__ExternalActors__/ThirdPerson/Maps/ThirdPersonMap/5/EY/4YWX6YW5JU98KZV47PF1IW
 |- Actor Path: /Game/ThirdPerson/Maps/ThirdPersonMap.ThirdPersonMap:PersistentLevel.StaticMeshActor_UAID_F02F74AD4569155002_1260722674
 |- Actor Package: /Game/__ExternalActors__/ThirdPerson/Maps/ThirdPersonMap/B/4T/BVL1EFXCNB25AQPERIB4IP
 |- Actor Path: /Game/ThirdPerson/Maps/ThirdPersonMap.ThirdPersonMap:PersistentLevel.StaticMeshActor_UAID_F02F74AD4569155002_1280766675
 |- Actor Package: /Game/__ExternalActors__/ThirdPerson/Maps/ThirdPersonMap/E/K3/388D2AGNUO74A984NDPZ5Z
 |- Actor Path: /Game/ThirdPerson/Maps/ThirdPersonMap.ThirdPersonMap:PersistentLevel.StaticMeshActor_UAID_F02F74AD4569155002_1293771677
 |- Actor Package: /Game/__ExternalActors__/ThirdPerson/Maps/ThirdPersonMap/4/2T/RMVUN7UM4UNIFJQ2QPEM9L
 |- Actor Path: /Game/ThirdPerson/Maps/ThirdPersonMap.ThirdPersonMap:PersistentLevel.StaticMeshActor_UAID_F02F74AD4569585102_1197955519
 |- Actor Package: /Game/__ExternalActors__/ThirdPerson/Maps/ThirdPersonMap/D/US/U7T7STTKPEZODMQY5LAFPL
 |- Actor Path: /Game/ThirdPerson/Maps/ThirdPersonMap.ThirdPersonMap:PersistentLevel.StaticMeshActor_UAID_F02F74AD4569585102_1500941520
 |- Actor Package: /Game/__ExternalActors__/ThirdPerson/Maps/ThirdPersonMap/D/C4/WM432D64JI0KMTZMZI14IN
 |- Actor Path: /Game/ThirdPerson/Maps/ThirdPersonMap.ThirdPersonMap:PersistentLevel.StaticMeshActor_UAID_F02F74AD4569585102_1634092521
 |- Actor Package: /Game/__ExternalActors__/ThirdPerson/Maps/ThirdPersonMap/3/84/M5JHQ1CHU4BYQ4C2AKLXI0
 |- Actor Path: /Game/ThirdPerson/Maps/ThirdPersonMap.ThirdPersonMap:PersistentLevel.StaticMeshActor_UAID_F02F74AD4569585102_1986588522
 |- Actor Package: /Game/__ExternalActors__/ThirdPerson/Maps/ThirdPersonMap/C/JF/CMQ4UDOKUQAQV83G6D142P
 |- Actor Path: /Game/ThirdPerson/Maps/ThirdPersonMap.ThirdPersonMap:PersistentLevel.StaticMeshActor_UAID_F02F74AD4569585102_2058372523
 |- Actor Package: /Game/__ExternalActors__/ThirdPerson/Maps/ThirdPersonMap/D/T8/YSFHMC1RSP398VSE5J5P72
 |- Actor Path: /Game/ThirdPerson/Maps/ThirdPersonMap.ThirdPersonMap:PersistentLevel.StaticMeshActor_UAID_F02F74AD4569585102_2092593524
 |- Actor Package: /Game/__ExternalActors__/ThirdPerson/Maps/ThirdPersonMap/B/Y2/IZE4RWHZ9B7V4FXVEW3UX5
 |- Actor Path: /Game/ThirdPerson/Maps/ThirdPersonMap.ThirdPersonMap:PersistentLevel.StaticMeshActor_UAID_F02F74AD4569585102_2137913525
 |- Actor Package: /Game/__ExternalActors__/ThirdPerson/Maps/ThirdPersonMap/3/GQ/SYRAC5JWOBXFO7G6FT1E65
 |- Actor Path: /Game/ThirdPerson/Maps/ThirdPersonMap.ThirdPersonMap:PersistentLevel.TriggerBox_UAID_F02F74AD4569155002_1365704678
 |- Actor Package: /Game/__ExternalActors__/ThirdPerson/Maps/ThirdPersonMap/9/UR/ZJE8PUH2X4TK4WJXFUAIQF
 |- Actor Path: /Game/ThirdPerson/Maps/ThirdPersonMap.ThirdPersonMap:PersistentLevel.TriggerBox_UAID_F02F74AD4569155002_1402094679
 |- Actor Package: /Game/__ExternalActors__/ThirdPerson/Maps/ThirdPersonMap/8/7A/92B8T7N9E3CW7P7ORR6NHD
 |- Actor Path: /Game/ThirdPerson/Maps/ThirdPersonMap.ThirdPersonMap:PersistentLevel.TriggerBox_UAID_F02F74AD4569155002_1407179680
 |- Actor Package: /Game/__ExternalActors__/ThirdPerson/Maps/ThirdPersonMap/2/JS/56IMUQYCHPC3HI38T7CGST
 |- Actor Path: /Game/ThirdPerson/Maps/ThirdPersonMap.ThirdPersonMap:PersistentLevel.TriggerBox_UAID_F02F74AD4569155002_1411695681
 |- Actor Package: /Game/__ExternalActors__/ThirdPerson/Maps/ThirdPersonMap/B/A9/TTYEK9X171W97TER97BU2Z
 |- Actor Path: /Game/ThirdPerson/Maps/ThirdPersonMap.ThirdPersonMap:PersistentLevel.TriggerBox_UAID_F02F74AD4569155002_1428010682
 |- Actor Package: /Game/__ExternalActors__/ThirdPerson/Maps/ThirdPersonMap/8/VY/EHQZSSBBAPASQUQ2QCK3TL
 |- Actor Path: /Game/ThirdPerson/Maps/ThirdPersonMap.ThirdPersonMap:PersistentLevel.VolumetricCloud_0
 |- Actor Package: /Game/__ExternalActors__/ThirdPerson/Maps/ThirdPersonMap/3/EY/87SHEJN5UBEAN2K5OV1G6R
 |- Actor Path: /Game/ThirdPerson/Maps/ThirdPersonMap.ThirdPersonMap:PersistentLevel.Wall_InRange_C_UAID_2C58B9955C30B54F02_1168699778
 |- Actor Package: /Game/__ExternalActors__/ThirdPerson/Maps/ThirdPersonMap/0/1V/RXGBRPD1ETWK1JR2NXYLXE
 |- Actor Path: /Game/ThirdPerson/Maps/ThirdPersonMap.ThirdPersonMap:PersistentLevel.WorldDataLayers
 |- Actor Package: /Game/__ExternalActors__/ThirdPerson/Maps/ThirdPersonMap/0/43/HYQWORMY4JDQ5X3OKZXFLC

----------------------------------------------------------------------------------------------------------------
ThirdPersonMap - Runtime Hash Set
----------------------------------------------------------------------------------------------------------------

