[+] Containers:
 |- [+] Container: /Game/ThirdPerson/Maps/ThirdPersonMap
 |   |- [+] ActorDescs:
 |   |   |- Guid:09E1FEFB4ED6D334006A0493FACD4E3A BaseClass: NativeClass:/Script/Engine.StaticMeshActor Name:StaticMeshActor_UAID_2C58B99582CD684F02_1646317236 Label:SM_Cube17 SpatiallyLoaded:1 Bounds:IsValid=true, Min=(X=1320.000 Y=1880.000 Z=2170.000), Max=(X=1670.000 Y=1980.000 Z=2545.000) RuntimeGrid:None EditorOnly:0 RuntimeOnly:0 HLODRelevant:1 ListedInSceneOutliner:1 IsMainWorldOnly:0 FolderPath:Playground FolderGuid:C73F09FC4215536B1DCE2A9E0A830C70
 |   |   |- Guid:0DECEFC742A53C46020AB787A4D299EA BaseClass: NativeClass:/Script/Engine.StaticMeshActor Name:StaticMeshActor_UAID_2C58B99582CD684F02_1663940239 Label:SM_Cube20 SpatiallyLoaded:1 Bounds:IsValid=true, Min=(X=2140.000 Y=2070.000 Z=2590.000), Max=(X=2340.000 Y=2270.000 Z=2765.000) RuntimeGrid:None EditorOnly:0 RuntimeOnly:0 HLODRelevant:1 ListedInSceneOutliner:1 IsMainWorldOnly:0 FolderPath:Playground FolderGuid:C73F09FC4215536B1DCE2A9E0A830C70
 |   |   |- Guid:12D5297C4FCA5411E139A9B29DDACE20 BaseClass: NativeClass:/Script/Engine.StaticMeshActor Name:StaticMeshActor_UAID_2C58B99582CD684F02_1849129244 Label:SM_Cube25 SpatiallyLoaded:1 Bounds:IsValid=true, Min=(X=1330.000 Y=1850.000 Z=2180.000), Max=(X=1380.000 Y=1950.000 Z=2230.000) RuntimeGrid:None EditorOnly:0 RuntimeOnly:0 HLODRelevant:1 ListedInSceneOutliner:1 IsMainWorldOnly:0 FolderPath:Playground FolderGuid:C73F09FC4215536B1DCE2A9E0A830C70
 |   |   |- Guid:1A9A3BC8449C77D29792888EE25D2573 BaseClass: NativeClass:/Script/Engine.StaticMeshActor Name:StaticMeshActor_UAID_2C58B99582CD684F02_1663936238 Label:SM_Cube19 SpatiallyLoaded:1 Bounds:IsValid=true, Min=(X=2070.000 Y=1880.000 Z=2170.000), Max=(X=2420.000 Y=1980.000 Z=2545.000) RuntimeGrid:None EditorOnly:0 RuntimeOnly:0 HLODRelevant:1 ListedInSceneOutliner:1 IsMainWorldOnly:0 FolderPath:Playground FolderGuid:C73F09FC4215536B1DCE2A9E0A830C70
 |   |   |- Guid:1DAA67BB487EF344CBFAA1BAD6051D21 BaseClass: NativeClass:/Script/Engine.StaticMeshActor Name:StaticMeshActor_UAID_2C58B99582CD684F02_1774653243 Label:SM_Cube24 SpatiallyLoaded:1 Bounds:IsValid=true, Min=(X=900.000 Y=1850.000 Z=2480.000), Max=(X=950.000 Y=1950.000 Z=2530.000) RuntimeGrid:None EditorOnly:0 RuntimeOnly:0 HLODRelevant:1 ListedInSceneOutliner:1 IsMainWorldOnly:0 FolderPath:Playground FolderGuid:C73F09FC4215536B1DCE2A9E0A830C70
 |   |   |- Guid:2C94533F4A7036AFEDE9BB9414A97003 BaseClass: NativeClass:/Script/Engine.StaticMeshActor Name:StaticMeshActor_UAID_2C58B99582CD684F02_1297615232 Label:SM_Cube14 SpatiallyLoaded:1 Bounds:IsValid=true, Min=(X=100.000 Y=1780.000 Z=2000.000), Max=(X=2900.000 Y=1805.000 Z=2100.000) RuntimeGrid:None EditorOnly:0 RuntimeOnly:0 HLODRelevant:1 ListedInSceneOutliner:1 IsMainWorldOnly:0 FolderPath:Playground FolderGuid:C73F09FC4215536B1DCE2A9E0A830C70
 |   |   |- Guid:2FB58999456391D349DC0F86DAC136ED BaseClass: NativeClass:/Script/Engine.SkyLight Name:SkyLight_1 Label:SkyLight SpatiallyLoaded:0 Bounds:IsValid=true, Min=(X=0.000 Y=0.000 Z=690.000), Max=(X=0.000 Y=0.000 Z=690.000) RuntimeGrid:None EditorOnly:0 RuntimeOnly:0 HLODRelevant:0 ListedInSceneOutliner:1 IsMainWorldOnly:0 FolderPath:Lighting FolderGuid:963EC3EB4002CCE9759E2EBA541A873A
 |   |   |- Guid:316CF2A6494ACA4C0E4180A87D36AB8F BaseClass: NativeClass:/Script/Engine.ExponentialHeightFog Name:ExponentialHeightFog_0 Label:ExponentialHeightFog SpatiallyLoaded:0 Bounds:IsValid=true, Min=(X=-5600.000 Y=-50.000 Z=-6850.000), Max=(X=-5600.000 Y=-50.000 Z=-6850.000) RuntimeGrid:None EditorOnly:0 RuntimeOnly:0 HLODRelevant:0 ListedInSceneOutliner:1 IsMainWorldOnly:0 FolderPath:Lighting FolderGuid:963EC3EB4002CCE9759E2EBA541A873A
 |   |   |- Guid:37F88CDF4DE07EAF28D9BFB79C629750 BaseClass: NativeClass:/Script/Engine.StaticMeshActor Name:StaticMeshActor_UAID_2C58B99582CD684F02_1864085249 Label:SM_Cube30 SpatiallyLoaded:1 Bounds:IsValid=true, Min=(X=2360.000 Y=1850.000 Z=2180.000), Max=(X=2410.000 Y=1950.000 Z=2230.000) RuntimeGrid:None EditorOnly:0 RuntimeOnly:0 HLODRelevant:1 ListedInSceneOutliner:1 IsMainWorldOnly:0 FolderPath:Playground FolderGuid:C73F09FC4215536B1DCE2A9E0A830C70
 |   |   |- Guid:3A00AA1C422CE54C0BDB60BAF471BFBB BaseClass: NativeClass:/Script/Engine.PlayerStart Name:PlayerStart_0 Label:PlayerStart SpatiallyLoaded:0 Bounds:IsValid=true, Min=(X=470.000 Y=1070.000 Z=2000.013), Max=(X=550.000 Y=1150.000 Z=2184.013) RuntimeGrid:None EditorOnly:0 RuntimeOnly:0 HLODRelevant:0 ListedInSceneOutliner:1 IsMainWorldOnly:0
 |   |   |- Guid:43815E84492231AFC407F59E3C28176B BaseClass: NativeClass:/Script/Engine.StaticMeshActor Name:StaticMeshActor_4 Label:SM_Cube6 SpatiallyLoaded:1 Bounds:IsValid=true, Min=(X=2900.000 Y=100.000 Z=2000.000), Max=(X=3000.000 Y=3400.000 Z=2400.000) RuntimeGrid:None EditorOnly:0 RuntimeOnly:0 HLODRelevant:1 ListedInSceneOutliner:1 IsMainWorldOnly:0 FolderPath:Playground FolderGuid:C73F09FC4215536B1DCE2A9E0A830C70
 |   |   |- Guid:4D3BE93F4146AAAC8BBE79999D96D57F BaseClass: NativeClass:/Script/Engine.VolumetricCloud Name:VolumetricCloud_0 Label:VolumetricCloud SpatiallyLoaded:0 Bounds:IsValid=true, Min=(X=0.000 Y=0.000 Z=820.000), Max=(X=0.000 Y=0.000 Z=820.000) RuntimeGrid:None EditorOnly:0 RuntimeOnly:0 HLODRelevant:0 ListedInSceneOutliner:1 IsMainWorldOnly:0 FolderPath:Lighting FolderGuid:963EC3EB4002CCE9759E2EBA541A873A
 |   |   |- Guid:51122DDB4FDFC9B5F85B21855E175E44 BaseClass: NativeClass:/Script/Engine.StaticMeshActor Name:StaticMeshActor_UAID_2C58B99582CD684F02_1646321237 Label:SM_Cube18 SpatiallyLoaded:1 Bounds:IsValid=true, Min=(X=1400.000 Y=2070.000 Z=2590.000), Max=(X=1600.000 Y=2270.000 Z=2765.000) RuntimeGrid:None EditorOnly:0 RuntimeOnly:0 HLODRelevant:1 ListedInSceneOutliner:1 IsMainWorldOnly:0 FolderPath:Playground FolderGuid:C73F09FC4215536B1DCE2A9E0A830C70
 |   |   |- Guid:51A789BE445A14341EDBF793263C45EC BaseClass: NativeClass:/Script/Engine.StaticMeshActor Name:StaticMeshActor_UAID_2C58B99582CD684F02_1388192233 Label:SM_Cube15 SpatiallyLoaded:1 Bounds:IsValid=true, Min=(X=610.000 Y=1870.000 Z=2170.000), Max=(X=960.000 Y=1920.000 Z=2545.000) RuntimeGrid:None EditorOnly:0 RuntimeOnly:0 HLODRelevant:1 ListedInSceneOutliner:1 IsMainWorldOnly:0 FolderPath:Playground FolderGuid:C73F09FC4215536B1DCE2A9E0A830C70
 |   |   |- Guid:54285C1942714B0492B1EB8C84129244 BaseClass: NativeClass:/Script/Engine.StaticMeshActor Name:StaticMeshActor_UAID_2C58B99582CD684F02_1849134246 Label:SM_Cube27 SpatiallyLoaded:1 Bounds:IsValid=true, Min=(X=1330.000 Y=1850.000 Z=2480.000), Max=(X=1380.000 Y=1950.000 Z=2530.000) RuntimeGrid:None EditorOnly:0 RuntimeOnly:0 HLODRelevant:1 ListedInSceneOutliner:1 IsMainWorldOnly:0 FolderPath:Playground FolderGuid:C73F09FC4215536B1DCE2A9E0A830C70
 |   |   |- Guid:57B47C114A2A90B33D7036A7703B4CE7 BaseClass: NativeClass:/Script/Engine.StaticMeshActor Name:StaticMeshActor_UAID_2C58B99582CD684F02_1562957234 Label:SM_Cube16 SpatiallyLoaded:1 Bounds:IsValid=true, Min=(X=690.000 Y=2070.000 Z=2590.000), Max=(X=890.000 Y=2270.000 Z=2765.000) RuntimeGrid:None EditorOnly:0 RuntimeOnly:0 HLODRelevant:1 ListedInSceneOutliner:1 IsMainWorldOnly:0 FolderPath:Playground FolderGuid:C73F09FC4215536B1DCE2A9E0A830C70
 |   |   |- Guid:6BAF4DDD444C60371492D3919DB42C97 BaseClass: NativeClass:/Script/Engine.WorldDataLayers Name:WorldDataLayers Label:WorldDataLayers SpatiallyLoaded:0 Bounds:IsValid=true, Min=(X=0.000 Y=0.000 Z=0.000), Max=(X=0.000 Y=0.000 Z=0.000) RuntimeGrid:None EditorOnly:0 RuntimeOnly:0 HLODRelevant:0 ListedInSceneOutliner:1 IsMainWorldOnly:1
 |   |   |- Guid:74C7F53943BBEF928DDBADAB038A1D83 BaseClass: NativeClass:/Script/Engine.StaticMeshActor Name:StaticMeshActor_UAID_2C58B99582CD684F02_1849136247 Label:SM_Cube28 SpatiallyLoaded:1 Bounds:IsValid=true, Min=(X=1610.000 Y=1850.000 Z=2480.000), Max=(X=1660.000 Y=1950.000 Z=2530.000) RuntimeGrid:None EditorOnly:0 RuntimeOnly:0 HLODRelevant:1 ListedInSceneOutliner:1 IsMainWorldOnly:0 FolderPath:Playground FolderGuid:C73F09FC4215536B1DCE2A9E0A830C70
 |   |   |- Guid:868E8A374D192EB126F82982D8C4670B BaseClass: NativeClass:/Script/Engine.StaticMeshActor Name:StaticMeshActor_UAID_2C58B99582CD684F02_1103292231 Label:SM_Cube13 SpatiallyLoaded:1 Bounds:IsValid=true, Min=(X=2010.000 Y=1920.000 Z=1370.000), Max=(X=2485.000 Y=2445.000 Z=2645.000) RuntimeGrid:None EditorOnly:0 RuntimeOnly:0 HLODRelevant:1 ListedInSceneOutliner:1 IsMainWorldOnly:0 FolderPath:Playground FolderGuid:C73F09FC4215536B1DCE2A9E0A830C70
 |   |   |- Guid:88E2F1B44258DA12393676AE89301742 BaseClass: NativeClass:/Script/Engine.StaticMeshActor Name:StaticMeshActor_UAID_2C58B99582CD684F02_1849133245 Label:SM_Cube26 SpatiallyLoaded:1 Bounds:IsValid=true, Min=(X=1610.000 Y=1850.000 Z=2180.000), Max=(X=1660.000 Y=1950.000 Z=2230.000) RuntimeGrid:None EditorOnly:0 RuntimeOnly:0 HLODRelevant:1 ListedInSceneOutliner:1 IsMainWorldOnly:0 FolderPath:Playground FolderGuid:C73F09FC4215536B1DCE2A9E0A830C70
 |   |   |- Guid:8FA2E29142FE8776CED0D7BAC299CD01 BaseClass: NativeClass:/Script/Engine.StaticMeshActor Name:StaticMeshActor_UAID_2C58B99582CD684F02_1711390240 Label:SM_Cube21 SpatiallyLoaded:1 Bounds:IsValid=true, Min=(X=620.000 Y=1850.000 Z=2180.000), Max=(X=670.000 Y=1950.000 Z=2230.000) RuntimeGrid:None EditorOnly:0 RuntimeOnly:0 HLODRelevant:1 ListedInSceneOutliner:1 IsMainWorldOnly:0 FolderPath:Playground FolderGuid:C73F09FC4215536B1DCE2A9E0A830C70
 |   |   |- Guid:9519C7F941B75B22563AD19A4033D673 BaseClass: NativeClass:/Script/Engine.StaticMeshActor Name:StaticMeshActor_UAID_2C58B99582CD674F02_2043764050 Label:SM_Cube8 SpatiallyLoaded:1 Bounds:IsValid=true, Min=(X=0.000 Y=3400.000 Z=950.000), Max=(X=3000.000 Y=3500.000 Z=2000.000) RuntimeGrid:None EditorOnly:0 RuntimeOnly:0 HLODRelevant:1 ListedInSceneOutliner:1 IsMainWorldOnly:0 FolderPath:Playground FolderGuid:C73F09FC4215536B1DCE2A9E0A830C70
 |   |   |- Guid:9B1FA88F42A9A03655AD0885D09E6E20 BaseClass: NativeClass:/Script/Engine.StaticMeshActor Name:StaticMeshActor_UAID_2C58B99582CD684F02_1864086250 Label:SM_Cube31 SpatiallyLoaded:1 Bounds:IsValid=true, Min=(X=2080.000 Y=1850.000 Z=2480.000), Max=(X=2130.000 Y=1950.000 Z=2530.000) RuntimeGrid:None EditorOnly:0 RuntimeOnly:0 HLODRelevant:1 ListedInSceneOutliner:1 IsMainWorldOnly:0 FolderPath:Playground FolderGuid:C73F09FC4215536B1DCE2A9E0A830C70
 |   |   |- Guid:A56216954B2165CF0F35A886B537D536 BaseClass: NativeClass:/Script/Engine.StaticMeshActor Name:StaticMeshActor_0 Label:SM_Cube5 SpatiallyLoaded:1 Bounds:IsValid=true, Min=(X=-0.000 Y=100.000 Z=2000.000), Max=(X=100.000 Y=3400.000 Z=2400.000) RuntimeGrid:None EditorOnly:0 RuntimeOnly:0 HLODRelevant:1 ListedInSceneOutliner:1 IsMainWorldOnly:0 FolderPath:Playground FolderGuid:C73F09FC4215536B1DCE2A9E0A830C70
 |   |   |- Guid:A8FEDAB94B605AEAE47801BCFB1B35AC BaseClass: NativeClass:/Script/Engine.StaticMeshActor Name:StaticMeshActor_UAID_2C58B99582CD684F02_1101656230 Label:SM_Cube12 SpatiallyLoaded:1 Bounds:IsValid=true, Min=(X=1260.000 Y=1920.000 Z=1370.000), Max=(X=1735.000 Y=2445.000 Z=2645.000) RuntimeGrid:None EditorOnly:0 RuntimeOnly:0 HLODRelevant:1 ListedInSceneOutliner:1 IsMainWorldOnly:0 FolderPath:Playground FolderGuid:C73F09FC4215536B1DCE2A9E0A830C70
 |   |   |- Guid:B217254141C7BDEDF15CC7938DA154F2 BaseClass: NativeClass:/Script/Engine.StaticMeshActor Name:StaticMeshActor_UAID_2C58B99582CD684F02_1075900229 Label:SM_Cube11 SpatiallyLoaded:1 Bounds:IsValid=true, Min=(X=550.000 Y=1920.000 Z=1370.000), Max=(X=1025.000 Y=2445.000 Z=2645.000) RuntimeGrid:None EditorOnly:0 RuntimeOnly:0 HLODRelevant:1 ListedInSceneOutliner:1 IsMainWorldOnly:0 FolderPath:Playground FolderGuid:C73F09FC4215536B1DCE2A9E0A830C70
 |   |   |- Guid:B289BF0F4134775E15E7F598696E96ED BaseClass: NativeClass:/Script/Engine.StaticMeshActor Name:StaticMeshActor_UAID_2C58B99582CD674F02_2071219051 Label:SM_Cube9 SpatiallyLoaded:1 Bounds:IsValid=true, Min=(X=2900.000 Y=1800.000 Z=950.000), Max=(X=3000.000 Y=3400.000 Z=2000.000) RuntimeGrid:None EditorOnly:0 RuntimeOnly:0 HLODRelevant:1 ListedInSceneOutliner:1 IsMainWorldOnly:0 FolderPath:Playground FolderGuid:C73F09FC4215536B1DCE2A9E0A830C70
 |   |   |- Guid:B533CEE54DCB3941326C7A9268A74F17 BaseClass: NativeClass:/Script/Engine.StaticMeshActor Name:StaticMeshActor_UAID_2C58B99582CD684F02_1774648242 Label:SM_Cube23 SpatiallyLoaded:1 Bounds:IsValid=true, Min=(X=620.000 Y=1850.000 Z=2480.000), Max=(X=670.000 Y=1950.000 Z=2530.000) RuntimeGrid:None EditorOnly:0 RuntimeOnly:0 HLODRelevant:1 ListedInSceneOutliner:1 IsMainWorldOnly:0 FolderPath:Playground FolderGuid:C73F09FC4215536B1DCE2A9E0A830C70
 |   |   |- Guid:B785ED2844B84CFB91E7F39FE661CD99 BaseClass: NativeClass:/Script/Engine.DirectionalLight Name:DirectionalLight_0 Label:DirectionalLight SpatiallyLoaded:0 Bounds:IsValid=true, Min=(X=-1048576.000 Y=-1048576.000 Z=-1048576.000), Max=(X=1048576.000 Y=1048576.000 Z=1048576.000) RuntimeGrid:None EditorOnly:0 RuntimeOnly:0 HLODRelevant:0 ListedInSceneOutliner:1 IsMainWorldOnly:0 FolderPath:Lighting FolderGuid:963EC3EB4002CCE9759E2EBA541A873A
 |   |   |- Guid:BC08B79C4EA3C961CFF75EBBE83B367D BaseClass: NativeClass:/Script/Engine.StaticMeshActor Name:StaticMeshActor_5 Label:SM_Cube2 SpatiallyLoaded:1 Bounds:IsValid=true, Min=(X=0.000 Y=0.000 Z=2000.000), Max=(X=3000.000 Y=100.000 Z=2400.000) RuntimeGrid:None EditorOnly:0 RuntimeOnly:0 HLODRelevant:1 ListedInSceneOutliner:1 IsMainWorldOnly:0 FolderPath:Playground FolderGuid:C73F09FC4215536B1DCE2A9E0A830C70
 |   |   |- Guid:CCFF262C46EEFFDF319E7F9539CE697E BaseClass: NativeClass:/Script/Engine.SkyAtmosphere Name:SkyAtmosphere_0 Label:SkyAtmosphere SpatiallyLoaded:0 Bounds:IsValid=true, Min=(X=0.000 Y=0.000 Z=1020.000), Max=(X=0.000 Y=0.000 Z=1020.000) RuntimeGrid:None EditorOnly:0 RuntimeOnly:0 HLODRelevant:0 ListedInSceneOutliner:1 IsMainWorldOnly:0 FolderPath:Lighting FolderGuid:963EC3EB4002CCE9759E2EBA541A873A
 |   |   |- Guid:CF6B57D941722576480F8BA92CBFAC6D BaseClass: NativeClass:/Script/Engine.StaticMeshActor Name:StaticMeshActor_UAID_2C58B99582CD684F02_1864088251 Label:SM_Cube32 SpatiallyLoaded:1 Bounds:IsValid=true, Min=(X=2360.000 Y=1850.000 Z=2480.000), Max=(X=2410.000 Y=1950.000 Z=2530.000) RuntimeGrid:None EditorOnly:0 RuntimeOnly:0 HLODRelevant:1 ListedInSceneOutliner:1 IsMainWorldOnly:0 FolderPath:Playground FolderGuid:C73F09FC4215536B1DCE2A9E0A830C70
 |   |   |- Guid:DAB85AD342796CDC76DD1684FF9B9EEE BaseClass: NativeClass:/Script/Engine.StaticMeshActor Name:StaticMeshActor_UAID_2C58B99582CD674F02_2011066049 Label:SM_Cube7 SpatiallyLoaded:1 Bounds:IsValid=true, Min=(X=0.000 Y=1700.000 Z=950.000), Max=(X=3000.000 Y=1800.000 Z=1950.000) RuntimeGrid:None EditorOnly:0 RuntimeOnly:0 HLODRelevant:1 ListedInSceneOutliner:1 IsMainWorldOnly:0 FolderPath:Playground FolderGuid:C73F09FC4215536B1DCE2A9E0A830C70
 |   |   |- Guid:E501E3AB4B0A4D9F725537BFD05FA0DB BaseClass: NativeClass:/Script/Engine.StaticMeshActor Name:StaticMeshActor_UAID_2C58B99582CD674F02_2123624052 Label:SM_Cube10 SpatiallyLoaded:1 Bounds:IsValid=true, Min=(X=0.000 Y=1800.000 Z=950.000), Max=(X=100.000 Y=3400.000 Z=2000.000) RuntimeGrid:None EditorOnly:0 RuntimeOnly:0 HLODRelevant:1 ListedInSceneOutliner:1 IsMainWorldOnly:0 FolderPath:Playground FolderGuid:C73F09FC4215536B1DCE2A9E0A830C70
 |   |   |- Guid:EC4E0C944CE6AC6E784BC6BB2916EA13 BaseClass: NativeClass:/Script/Engine.StaticMeshActor Name:StaticMeshActor_UAID_A4AE111137DC5EFB00_1110535423 Label:SM_SkySphere SpatiallyLoaded:0 Bounds:IsValid=true, Min=(X=-1638400.000 Y=-1638400.000 Z=-1638400.000), Max=(X=1638400.000 Y=1638400.000 Z=1638400.000) RuntimeGrid:None EditorOnly:0 RuntimeOnly:0 HLODRelevant:1 ListedInSceneOutliner:1 IsMainWorldOnly:0 FolderPath:Lighting FolderGuid:963EC3EB4002CCE9759E2EBA541A873A
 |   |   |- Guid:ED3938E348D08B19F7CB12B53911E493 BaseClass: NativeClass:/Script/Engine.StaticMeshActor Name:StaticMeshActor_UAID_2C58B99582CD684F02_1732171241 Label:SM_Cube22 SpatiallyLoaded:1 Bounds:IsValid=true, Min=(X=900.000 Y=1850.000 Z=2180.000), Max=(X=950.000 Y=1950.000 Z=2230.000) RuntimeGrid:None EditorOnly:0 RuntimeOnly:0 HLODRelevant:1 ListedInSceneOutliner:1 IsMainWorldOnly:0 FolderPath:Playground FolderGuid:C73F09FC4215536B1DCE2A9E0A830C70
 |   |   |- Guid:F1924B8D48954B30891B2DB6A694F9CC BaseClass: NativeClass:/Script/Engine.StaticMeshActor Name:StaticMeshActor_1 Label:SM_Cube SpatiallyLoaded:1 Bounds:IsValid=true, Min=(X=0.000 Y=0.000 Z=1950.000), Max=(X=3000.000 Y=1800.000 Z=2000.000) RuntimeGrid:None EditorOnly:0 RuntimeOnly:0 HLODRelevant:1 ListedInSceneOutliner:1 IsMainWorldOnly:0 FolderPath:Playground FolderGuid:C73F09FC4215536B1DCE2A9E0A830C70
 |   |   |- Guid:F5E3FEB3450C49844FD93DA8E083C8AD BaseClass: NativeClass:/Script/Engine.PostProcessVolume Name:PostProcessVolume_0 Label:PostProcessVolume SpatiallyLoaded:0 Bounds:IsValid=true, Min=(X=0.000 Y=0.000 Z=400.000), Max=(X=200.000 Y=200.000 Z=600.000) RuntimeGrid:None EditorOnly:0 RuntimeOnly:0 HLODRelevant:0 ListedInSceneOutliner:1 IsMainWorldOnly:0 FolderPath:Lighting FolderGuid:963EC3EB4002CCE9759E2EBA541A873A
 |   |   |- Guid:F6CEE2264002F8B8ADDFF089447B24D3 BaseClass: NativeClass:/Script/Engine.StaticMeshActor Name:StaticMeshActor_UAID_2C58B99582CD684F02_1864082248 Label:SM_Cube29 SpatiallyLoaded:1 Bounds:IsValid=true, Min=(X=2080.000 Y=1850.000 Z=2180.000), Max=(X=2130.000 Y=1950.000 Z=2230.000) RuntimeGrid:None EditorOnly:0 RuntimeOnly:0 HLODRelevant:1 ListedInSceneOutliner:1 IsMainWorldOnly:0 FolderPath:Playground FolderGuid:C73F09FC4215536B1DCE2A9E0A830C70
 |   |   |- Guid:FF698C67459ADB4982D7759C0905EE9F BaseClass: NativeClass:/Script/Engine.StaticMeshActor Name:StaticMeshActor_6 Label:SM_Cube3 SpatiallyLoaded:1 Bounds:IsValid=true, Min=(X=0.000 Y=3400.000 Z=2000.000), Max=(X=3000.000 Y=3500.000 Z=2400.000) RuntimeGrid:None EditorOnly:0 RuntimeOnly:0 HLODRelevant:1 ListedInSceneOutliner:1 IsMainWorldOnly:0 FolderPath:Playground FolderGuid:C73F09FC4215536B1DCE2A9E0A830C70
 |   |   |- Guid:FF6BC10046593F9777E07FAB8D07F969 BaseClass: NativeClass:/Script/Engine.StaticMeshActor Name:StaticMeshActor_UAID_2C58B99582CD674F02_1989764048 Label:SM_Cube4 SpatiallyLoaded:1 Bounds:IsValid=true, Min=(X=0.000 Y=1800.000 Z=950.000), Max=(X=2900.000 Y=3400.000 Z=1000.000) RuntimeGrid:None EditorOnly:0 RuntimeOnly:0 HLODRelevant:1 ListedInSceneOutliner:1 IsMainWorldOnly:0 FolderPath:Playground FolderGuid:C73F09FC4215536B1DCE2A9E0A830C70
 |   |- [+] Clusters:
 |   |   |- [+] [  0]
 |   |   |   |- Guid:09E1FEFB4ED6D334006A0493FACD4E3A BaseClass: NativeClass:/Script/Engine.StaticMeshActor Name:StaticMeshActor_UAID_2C58B99582CD684F02_1646317236 Label:SM_Cube17 SpatiallyLoaded:1 Bounds:IsValid=true, Min=(X=1320.000 Y=1880.000 Z=2170.000), Max=(X=1670.000 Y=1980.000 Z=2545.000) RuntimeGrid:None EditorOnly:0 RuntimeOnly:0 HLODRelevant:1 ListedInSceneOutliner:1 IsMainWorldOnly:0 FolderPath:Playground FolderGuid:C73F09FC4215536B1DCE2A9E0A830C70
 |   |   |- [+] [  1]
 |   |   |   |- Guid:0DECEFC742A53C46020AB787A4D299EA BaseClass: NativeClass:/Script/Engine.StaticMeshActor Name:StaticMeshActor_UAID_2C58B99582CD684F02_1663940239 Label:SM_Cube20 SpatiallyLoaded:1 Bounds:IsValid=true, Min=(X=2140.000 Y=2070.000 Z=2590.000), Max=(X=2340.000 Y=2270.000 Z=2765.000) RuntimeGrid:None EditorOnly:0 RuntimeOnly:0 HLODRelevant:1 ListedInSceneOutliner:1 IsMainWorldOnly:0 FolderPath:Playground FolderGuid:C73F09FC4215536B1DCE2A9E0A830C70
 |   |   |- [+] [  2]
 |   |   |   |- Guid:12D5297C4FCA5411E139A9B29DDACE20 BaseClass: NativeClass:/Script/Engine.StaticMeshActor Name:StaticMeshActor_UAID_2C58B99582CD684F02_1849129244 Label:SM_Cube25 SpatiallyLoaded:1 Bounds:IsValid=true, Min=(X=1330.000 Y=1850.000 Z=2180.000), Max=(X=1380.000 Y=1950.000 Z=2230.000) RuntimeGrid:None EditorOnly:0 RuntimeOnly:0 HLODRelevant:1 ListedInSceneOutliner:1 IsMainWorldOnly:0 FolderPath:Playground FolderGuid:C73F09FC4215536B1DCE2A9E0A830C70
 |   |   |- [+] [  3]
 |   |   |   |- Guid:1A9A3BC8449C77D29792888EE25D2573 BaseClass: NativeClass:/Script/Engine.StaticMeshActor Name:StaticMeshActor_UAID_2C58B99582CD684F02_1663936238 Label:SM_Cube19 SpatiallyLoaded:1 Bounds:IsValid=true, Min=(X=2070.000 Y=1880.000 Z=2170.000), Max=(X=2420.000 Y=1980.000 Z=2545.000) RuntimeGrid:None EditorOnly:0 RuntimeOnly:0 HLODRelevant:1 ListedInSceneOutliner:1 IsMainWorldOnly:0 FolderPath:Playground FolderGuid:C73F09FC4215536B1DCE2A9E0A830C70
 |   |   |- [+] [  4]
 |   |   |   |- Guid:1DAA67BB487EF344CBFAA1BAD6051D21 BaseClass: NativeClass:/Script/Engine.StaticMeshActor Name:StaticMeshActor_UAID_2C58B99582CD684F02_1774653243 Label:SM_Cube24 SpatiallyLoaded:1 Bounds:IsValid=true, Min=(X=900.000 Y=1850.000 Z=2480.000), Max=(X=950.000 Y=1950.000 Z=2530.000) RuntimeGrid:None EditorOnly:0 RuntimeOnly:0 HLODRelevant:1 ListedInSceneOutliner:1 IsMainWorldOnly:0 FolderPath:Playground FolderGuid:C73F09FC4215536B1DCE2A9E0A830C70
 |   |   |- [+] [  5]
 |   |   |   |- Guid:2C94533F4A7036AFEDE9BB9414A97003 BaseClass: NativeClass:/Script/Engine.StaticMeshActor Name:StaticMeshActor_UAID_2C58B99582CD684F02_1297615232 Label:SM_Cube14 SpatiallyLoaded:1 Bounds:IsValid=true, Min=(X=100.000 Y=1780.000 Z=2000.000), Max=(X=2900.000 Y=1805.000 Z=2100.000) RuntimeGrid:None EditorOnly:0 RuntimeOnly:0 HLODRelevant:1 ListedInSceneOutliner:1 IsMainWorldOnly:0 FolderPath:Playground FolderGuid:C73F09FC4215536B1DCE2A9E0A830C70
 |   |   |- [+] [  6]
 |   |   |   |- Guid:2FB58999456391D349DC0F86DAC136ED BaseClass: NativeClass:/Script/Engine.SkyLight Name:SkyLight_1 Label:SkyLight SpatiallyLoaded:0 Bounds:IsValid=true, Min=(X=0.000 Y=0.000 Z=690.000), Max=(X=0.000 Y=0.000 Z=690.000) RuntimeGrid:None EditorOnly:0 RuntimeOnly:0 HLODRelevant:0 ListedInSceneOutliner:1 IsMainWorldOnly:0 FolderPath:Lighting FolderGuid:963EC3EB4002CCE9759E2EBA541A873A
 |   |   |- [+] [  7]
 |   |   |   |- Guid:316CF2A6494ACA4C0E4180A87D36AB8F BaseClass: NativeClass:/Script/Engine.ExponentialHeightFog Name:ExponentialHeightFog_0 Label:ExponentialHeightFog SpatiallyLoaded:0 Bounds:IsValid=true, Min=(X=-5600.000 Y=-50.000 Z=-6850.000), Max=(X=-5600.000 Y=-50.000 Z=-6850.000) RuntimeGrid:None EditorOnly:0 RuntimeOnly:0 HLODRelevant:0 ListedInSceneOutliner:1 IsMainWorldOnly:0 FolderPath:Lighting FolderGuid:963EC3EB4002CCE9759E2EBA541A873A
 |   |   |- [+] [  8]
 |   |   |   |- Guid:37F88CDF4DE07EAF28D9BFB79C629750 BaseClass: NativeClass:/Script/Engine.StaticMeshActor Name:StaticMeshActor_UAID_2C58B99582CD684F02_1864085249 Label:SM_Cube30 SpatiallyLoaded:1 Bounds:IsValid=true, Min=(X=2360.000 Y=1850.000 Z=2180.000), Max=(X=2410.000 Y=1950.000 Z=2230.000) RuntimeGrid:None EditorOnly:0 RuntimeOnly:0 HLODRelevant:1 ListedInSceneOutliner:1 IsMainWorldOnly:0 FolderPath:Playground FolderGuid:C73F09FC4215536B1DCE2A9E0A830C70
 |   |   |- [+] [  9]
 |   |   |   |- Guid:3A00AA1C422CE54C0BDB60BAF471BFBB BaseClass: NativeClass:/Script/Engine.PlayerStart Name:PlayerStart_0 Label:PlayerStart SpatiallyLoaded:0 Bounds:IsValid=true, Min=(X=470.000 Y=1070.000 Z=2000.013), Max=(X=550.000 Y=1150.000 Z=2184.013) RuntimeGrid:None EditorOnly:0 RuntimeOnly:0 HLODRelevant:0 ListedInSceneOutliner:1 IsMainWorldOnly:0
 |   |   |- [+] [ 10]
 |   |   |   |- Guid:43815E84492231AFC407F59E3C28176B BaseClass: NativeClass:/Script/Engine.StaticMeshActor Name:StaticMeshActor_4 Label:SM_Cube6 SpatiallyLoaded:1 Bounds:IsValid=true, Min=(X=2900.000 Y=100.000 Z=2000.000), Max=(X=3000.000 Y=3400.000 Z=2400.000) RuntimeGrid:None EditorOnly:0 RuntimeOnly:0 HLODRelevant:1 ListedInSceneOutliner:1 IsMainWorldOnly:0 FolderPath:Playground FolderGuid:C73F09FC4215536B1DCE2A9E0A830C70
 |   |   |- [+] [ 11]
 |   |   |   |- Guid:4D3BE93F4146AAAC8BBE79999D96D57F BaseClass: NativeClass:/Script/Engine.VolumetricCloud Name:VolumetricCloud_0 Label:VolumetricCloud SpatiallyLoaded:0 Bounds:IsValid=true, Min=(X=0.000 Y=0.000 Z=820.000), Max=(X=0.000 Y=0.000 Z=820.000) RuntimeGrid:None EditorOnly:0 RuntimeOnly:0 HLODRelevant:0 ListedInSceneOutliner:1 IsMainWorldOnly:0 FolderPath:Lighting FolderGuid:963EC3EB4002CCE9759E2EBA541A873A
 |   |   |- [+] [ 12]
 |   |   |   |- Guid:51122DDB4FDFC9B5F85B21855E175E44 BaseClass: NativeClass:/Script/Engine.StaticMeshActor Name:StaticMeshActor_UAID_2C58B99582CD684F02_1646321237 Label:SM_Cube18 SpatiallyLoaded:1 Bounds:IsValid=true, Min=(X=1400.000 Y=2070.000 Z=2590.000), Max=(X=1600.000 Y=2270.000 Z=2765.000) RuntimeGrid:None EditorOnly:0 RuntimeOnly:0 HLODRelevant:1 ListedInSceneOutliner:1 IsMainWorldOnly:0 FolderPath:Playground FolderGuid:C73F09FC4215536B1DCE2A9E0A830C70
 |   |   |- [+] [ 13]
 |   |   |   |- Guid:51A789BE445A14341EDBF793263C45EC BaseClass: NativeClass:/Script/Engine.StaticMeshActor Name:StaticMeshActor_UAID_2C58B99582CD684F02_1388192233 Label:SM_Cube15 SpatiallyLoaded:1 Bounds:IsValid=true, Min=(X=610.000 Y=1870.000 Z=2170.000), Max=(X=960.000 Y=1920.000 Z=2545.000) RuntimeGrid:None EditorOnly:0 RuntimeOnly:0 HLODRelevant:1 ListedInSceneOutliner:1 IsMainWorldOnly:0 FolderPath:Playground FolderGuid:C73F09FC4215536B1DCE2A9E0A830C70
 |   |   |- [+] [ 14]
 |   |   |   |- Guid:54285C1942714B0492B1EB8C84129244 BaseClass: NativeClass:/Script/Engine.StaticMeshActor Name:StaticMeshActor_UAID_2C58B99582CD684F02_1849134246 Label:SM_Cube27 SpatiallyLoaded:1 Bounds:IsValid=true, Min=(X=1330.000 Y=1850.000 Z=2480.000), Max=(X=1380.000 Y=1950.000 Z=2530.000) RuntimeGrid:None EditorOnly:0 RuntimeOnly:0 HLODRelevant:1 ListedInSceneOutliner:1 IsMainWorldOnly:0 FolderPath:Playground FolderGuid:C73F09FC4215536B1DCE2A9E0A830C70
 |   |   |- [+] [ 15]
 |   |   |   |- Guid:57B47C114A2A90B33D7036A7703B4CE7 BaseClass: NativeClass:/Script/Engine.StaticMeshActor Name:StaticMeshActor_UAID_2C58B99582CD684F02_1562957234 Label:SM_Cube16 SpatiallyLoaded:1 Bounds:IsValid=true, Min=(X=690.000 Y=2070.000 Z=2590.000), Max=(X=890.000 Y=2270.000 Z=2765.000) RuntimeGrid:None EditorOnly:0 RuntimeOnly:0 HLODRelevant:1 ListedInSceneOutliner:1 IsMainWorldOnly:0 FolderPath:Playground FolderGuid:C73F09FC4215536B1DCE2A9E0A830C70
 |   |   |- [+] [ 16]
 |   |   |   |- Guid:6BAF4DDD444C60371492D3919DB42C97 BaseClass: NativeClass:/Script/Engine.WorldDataLayers Name:WorldDataLayers Label:WorldDataLayers SpatiallyLoaded:0 Bounds:IsValid=true, Min=(X=0.000 Y=0.000 Z=0.000), Max=(X=0.000 Y=0.000 Z=0.000) RuntimeGrid:None EditorOnly:0 RuntimeOnly:0 HLODRelevant:0 ListedInSceneOutliner:1 IsMainWorldOnly:1
 |   |   |- [+] [ 17]
 |   |   |   |- Guid:74C7F53943BBEF928DDBADAB038A1D83 BaseClass: NativeClass:/Script/Engine.StaticMeshActor Name:StaticMeshActor_UAID_2C58B99582CD684F02_1849136247 Label:SM_Cube28 SpatiallyLoaded:1 Bounds:IsValid=true, Min=(X=1610.000 Y=1850.000 Z=2480.000), Max=(X=1660.000 Y=1950.000 Z=2530.000) RuntimeGrid:None EditorOnly:0 RuntimeOnly:0 HLODRelevant:1 ListedInSceneOutliner:1 IsMainWorldOnly:0 FolderPath:Playground FolderGuid:C73F09FC4215536B1DCE2A9E0A830C70
 |   |   |- [+] [ 18]
 |   |   |   |- Guid:868E8A374D192EB126F82982D8C4670B BaseClass: NativeClass:/Script/Engine.StaticMeshActor Name:StaticMeshActor_UAID_2C58B99582CD684F02_1103292231 Label:SM_Cube13 SpatiallyLoaded:1 Bounds:IsValid=true, Min=(X=2010.000 Y=1920.000 Z=1370.000), Max=(X=2485.000 Y=2445.000 Z=2645.000) RuntimeGrid:None EditorOnly:0 RuntimeOnly:0 HLODRelevant:1 ListedInSceneOutliner:1 IsMainWorldOnly:0 FolderPath:Playground FolderGuid:C73F09FC4215536B1DCE2A9E0A830C70
 |   |   |- [+] [ 19]
 |   |   |   |- Guid:88E2F1B44258DA12393676AE89301742 BaseClass: NativeClass:/Script/Engine.StaticMeshActor Name:StaticMeshActor_UAID_2C58B99582CD684F02_1849133245 Label:SM_Cube26 SpatiallyLoaded:1 Bounds:IsValid=true, Min=(X=1610.000 Y=1850.000 Z=2180.000), Max=(X=1660.000 Y=1950.000 Z=2230.000) RuntimeGrid:None EditorOnly:0 RuntimeOnly:0 HLODRelevant:1 ListedInSceneOutliner:1 IsMainWorldOnly:0 FolderPath:Playground FolderGuid:C73F09FC4215536B1DCE2A9E0A830C70
 |   |   |- [+] [ 20]
 |   |   |   |- Guid:8FA2E29142FE8776CED0D7BAC299CD01 BaseClass: NativeClass:/Script/Engine.StaticMeshActor Name:StaticMeshActor_UAID_2C58B99582CD684F02_1711390240 Label:SM_Cube21 SpatiallyLoaded:1 Bounds:IsValid=true, Min=(X=620.000 Y=1850.000 Z=2180.000), Max=(X=670.000 Y=1950.000 Z=2230.000) RuntimeGrid:None EditorOnly:0 RuntimeOnly:0 HLODRelevant:1 ListedInSceneOutliner:1 IsMainWorldOnly:0 FolderPath:Playground FolderGuid:C73F09FC4215536B1DCE2A9E0A830C70
 |   |   |- [+] [ 21]
 |   |   |   |- Guid:9519C7F941B75B22563AD19A4033D673 BaseClass: NativeClass:/Script/Engine.StaticMeshActor Name:StaticMeshActor_UAID_2C58B99582CD674F02_2043764050 Label:SM_Cube8 SpatiallyLoaded:1 Bounds:IsValid=true, Min=(X=0.000 Y=3400.000 Z=950.000), Max=(X=3000.000 Y=3500.000 Z=2000.000) RuntimeGrid:None EditorOnly:0 RuntimeOnly:0 HLODRelevant:1 ListedInSceneOutliner:1 IsMainWorldOnly:0 FolderPath:Playground FolderGuid:C73F09FC4215536B1DCE2A9E0A830C70
 |   |   |- [+] [ 22]
 |   |   |   |- Guid:9B1FA88F42A9A03655AD0885D09E6E20 BaseClass: NativeClass:/Script/Engine.StaticMeshActor Name:StaticMeshActor_UAID_2C58B99582CD684F02_1864086250 Label:SM_Cube31 SpatiallyLoaded:1 Bounds:IsValid=true, Min=(X=2080.000 Y=1850.000 Z=2480.000), Max=(X=2130.000 Y=1950.000 Z=2530.000) RuntimeGrid:None EditorOnly:0 RuntimeOnly:0 HLODRelevant:1 ListedInSceneOutliner:1 IsMainWorldOnly:0 FolderPath:Playground FolderGuid:C73F09FC4215536B1DCE2A9E0A830C70
 |   |   |- [+] [ 23]
 |   |   |   |- Guid:A56216954B2165CF0F35A886B537D536 BaseClass: NativeClass:/Script/Engine.StaticMeshActor Name:StaticMeshActor_0 Label:SM_Cube5 SpatiallyLoaded:1 Bounds:IsValid=true, Min=(X=-0.000 Y=100.000 Z=2000.000), Max=(X=100.000 Y=3400.000 Z=2400.000) RuntimeGrid:None EditorOnly:0 RuntimeOnly:0 HLODRelevant:1 ListedInSceneOutliner:1 IsMainWorldOnly:0 FolderPath:Playground FolderGuid:C73F09FC4215536B1DCE2A9E0A830C70
 |   |   |- [+] [ 24]
 |   |   |   |- Guid:A8FEDAB94B605AEAE47801BCFB1B35AC BaseClass: NativeClass:/Script/Engine.StaticMeshActor Name:StaticMeshActor_UAID_2C58B99582CD684F02_1101656230 Label:SM_Cube12 SpatiallyLoaded:1 Bounds:IsValid=true, Min=(X=1260.000 Y=1920.000 Z=1370.000), Max=(X=1735.000 Y=2445.000 Z=2645.000) RuntimeGrid:None EditorOnly:0 RuntimeOnly:0 HLODRelevant:1 ListedInSceneOutliner:1 IsMainWorldOnly:0 FolderPath:Playground FolderGuid:C73F09FC4215536B1DCE2A9E0A830C70
 |   |   |- [+] [ 25]
 |   |   |   |- Guid:B217254141C7BDEDF15CC7938DA154F2 BaseClass: NativeClass:/Script/Engine.StaticMeshActor Name:StaticMeshActor_UAID_2C58B99582CD684F02_1075900229 Label:SM_Cube11 SpatiallyLoaded:1 Bounds:IsValid=true, Min=(X=550.000 Y=1920.000 Z=1370.000), Max=(X=1025.000 Y=2445.000 Z=2645.000) RuntimeGrid:None EditorOnly:0 RuntimeOnly:0 HLODRelevant:1 ListedInSceneOutliner:1 IsMainWorldOnly:0 FolderPath:Playground FolderGuid:C73F09FC4215536B1DCE2A9E0A830C70
 |   |   |- [+] [ 26]
 |   |   |   |- Guid:B289BF0F4134775E15E7F598696E96ED BaseClass: NativeClass:/Script/Engine.StaticMeshActor Name:StaticMeshActor_UAID_2C58B99582CD674F02_2071219051 Label:SM_Cube9 SpatiallyLoaded:1 Bounds:IsValid=true, Min=(X=2900.000 Y=1800.000 Z=950.000), Max=(X=3000.000 Y=3400.000 Z=2000.000) RuntimeGrid:None EditorOnly:0 RuntimeOnly:0 HLODRelevant:1 ListedInSceneOutliner:1 IsMainWorldOnly:0 FolderPath:Playground FolderGuid:C73F09FC4215536B1DCE2A9E0A830C70
 |   |   |- [+] [ 27]
 |   |   |   |- Guid:B533CEE54DCB3941326C7A9268A74F17 BaseClass: NativeClass:/Script/Engine.StaticMeshActor Name:StaticMeshActor_UAID_2C58B99582CD684F02_1774648242 Label:SM_Cube23 SpatiallyLoaded:1 Bounds:IsValid=true, Min=(X=620.000 Y=1850.000 Z=2480.000), Max=(X=670.000 Y=1950.000 Z=2530.000) RuntimeGrid:None EditorOnly:0 RuntimeOnly:0 HLODRelevant:1 ListedInSceneOutliner:1 IsMainWorldOnly:0 FolderPath:Playground FolderGuid:C73F09FC4215536B1DCE2A9E0A830C70
 |   |   |- [+] [ 28]
 |   |   |   |- Guid:B785ED2844B84CFB91E7F39FE661CD99 BaseClass: NativeClass:/Script/Engine.DirectionalLight Name:DirectionalLight_0 Label:DirectionalLight SpatiallyLoaded:0 Bounds:IsValid=true, Min=(X=-1048576.000 Y=-1048576.000 Z=-1048576.000), Max=(X=1048576.000 Y=1048576.000 Z=1048576.000) RuntimeGrid:None EditorOnly:0 RuntimeOnly:0 HLODRelevant:0 ListedInSceneOutliner:1 IsMainWorldOnly:0 FolderPath:Lighting FolderGuid:963EC3EB4002CCE9759E2EBA541A873A
 |   |   |- [+] [ 29]
 |   |   |   |- Guid:BC08B79C4EA3C961CFF75EBBE83B367D BaseClass: NativeClass:/Script/Engine.StaticMeshActor Name:StaticMeshActor_5 Label:SM_Cube2 SpatiallyLoaded:1 Bounds:IsValid=true, Min=(X=0.000 Y=0.000 Z=2000.000), Max=(X=3000.000 Y=100.000 Z=2400.000) RuntimeGrid:None EditorOnly:0 RuntimeOnly:0 HLODRelevant:1 ListedInSceneOutliner:1 IsMainWorldOnly:0 FolderPath:Playground FolderGuid:C73F09FC4215536B1DCE2A9E0A830C70
 |   |   |- [+] [ 30]
 |   |   |   |- Guid:CCFF262C46EEFFDF319E7F9539CE697E BaseClass: NativeClass:/Script/Engine.SkyAtmosphere Name:SkyAtmosphere_0 Label:SkyAtmosphere SpatiallyLoaded:0 Bounds:IsValid=true, Min=(X=0.000 Y=0.000 Z=1020.000), Max=(X=0.000 Y=0.000 Z=1020.000) RuntimeGrid:None EditorOnly:0 RuntimeOnly:0 HLODRelevant:0 ListedInSceneOutliner:1 IsMainWorldOnly:0 FolderPath:Lighting FolderGuid:963EC3EB4002CCE9759E2EBA541A873A
 |   |   |- [+] [ 31]
 |   |   |   |- Guid:CF6B57D941722576480F8BA92CBFAC6D BaseClass: NativeClass:/Script/Engine.StaticMeshActor Name:StaticMeshActor_UAID_2C58B99582CD684F02_1864088251 Label:SM_Cube32 SpatiallyLoaded:1 Bounds:IsValid=true, Min=(X=2360.000 Y=1850.000 Z=2480.000), Max=(X=2410.000 Y=1950.000 Z=2530.000) RuntimeGrid:None EditorOnly:0 RuntimeOnly:0 HLODRelevant:1 ListedInSceneOutliner:1 IsMainWorldOnly:0 FolderPath:Playground FolderGuid:C73F09FC4215536B1DCE2A9E0A830C70
 |   |   |- [+] [ 32]
 |   |   |   |- Guid:DAB85AD342796CDC76DD1684FF9B9EEE BaseClass: NativeClass:/Script/Engine.StaticMeshActor Name:StaticMeshActor_UAID_2C58B99582CD674F02_2011066049 Label:SM_Cube7 SpatiallyLoaded:1 Bounds:IsValid=true, Min=(X=0.000 Y=1700.000 Z=950.000), Max=(X=3000.000 Y=1800.000 Z=1950.000) RuntimeGrid:None EditorOnly:0 RuntimeOnly:0 HLODRelevant:1 ListedInSceneOutliner:1 IsMainWorldOnly:0 FolderPath:Playground FolderGuid:C73F09FC4215536B1DCE2A9E0A830C70
 |   |   |- [+] [ 33]
 |   |   |   |- Guid:E501E3AB4B0A4D9F725537BFD05FA0DB BaseClass: NativeClass:/Script/Engine.StaticMeshActor Name:StaticMeshActor_UAID_2C58B99582CD674F02_2123624052 Label:SM_Cube10 SpatiallyLoaded:1 Bounds:IsValid=true, Min=(X=0.000 Y=1800.000 Z=950.000), Max=(X=100.000 Y=3400.000 Z=2000.000) RuntimeGrid:None EditorOnly:0 RuntimeOnly:0 HLODRelevant:1 ListedInSceneOutliner:1 IsMainWorldOnly:0 FolderPath:Playground FolderGuid:C73F09FC4215536B1DCE2A9E0A830C70
 |   |   |- [+] [ 34]
 |   |   |   |- Guid:EC4E0C944CE6AC6E784BC6BB2916EA13 BaseClass: NativeClass:/Script/Engine.StaticMeshActor Name:StaticMeshActor_UAID_A4AE111137DC5EFB00_1110535423 Label:SM_SkySphere SpatiallyLoaded:0 Bounds:IsValid=true, Min=(X=-1638400.000 Y=-1638400.000 Z=-1638400.000), Max=(X=1638400.000 Y=1638400.000 Z=1638400.000) RuntimeGrid:None EditorOnly:0 RuntimeOnly:0 HLODRelevant:1 ListedInSceneOutliner:1 IsMainWorldOnly:0 FolderPath:Lighting FolderGuid:963EC3EB4002CCE9759E2EBA541A873A
 |   |   |- [+] [ 35]
 |   |   |   |- Guid:ED3938E348D08B19F7CB12B53911E493 BaseClass: NativeClass:/Script/Engine.StaticMeshActor Name:StaticMeshActor_UAID_2C58B99582CD684F02_1732171241 Label:SM_Cube22 SpatiallyLoaded:1 Bounds:IsValid=true, Min=(X=900.000 Y=1850.000 Z=2180.000), Max=(X=950.000 Y=1950.000 Z=2230.000) RuntimeGrid:None EditorOnly:0 RuntimeOnly:0 HLODRelevant:1 ListedInSceneOutliner:1 IsMainWorldOnly:0 FolderPath:Playground FolderGuid:C73F09FC4215536B1DCE2A9E0A830C70
 |   |   |- [+] [ 36]
 |   |   |   |- Guid:F1924B8D48954B30891B2DB6A694F9CC BaseClass: NativeClass:/Script/Engine.StaticMeshActor Name:StaticMeshActor_1 Label:SM_Cube SpatiallyLoaded:1 Bounds:IsValid=true, Min=(X=0.000 Y=0.000 Z=1950.000), Max=(X=3000.000 Y=1800.000 Z=2000.000) RuntimeGrid:None EditorOnly:0 RuntimeOnly:0 HLODRelevant:1 ListedInSceneOutliner:1 IsMainWorldOnly:0 FolderPath:Playground FolderGuid:C73F09FC4215536B1DCE2A9E0A830C70
 |   |   |- [+] [ 37]
 |   |   |   |- Guid:F5E3FEB3450C49844FD93DA8E083C8AD BaseClass: NativeClass:/Script/Engine.PostProcessVolume Name:PostProcessVolume_0 Label:PostProcessVolume SpatiallyLoaded:0 Bounds:IsValid=true, Min=(X=0.000 Y=0.000 Z=400.000), Max=(X=200.000 Y=200.000 Z=600.000) RuntimeGrid:None EditorOnly:0 RuntimeOnly:0 HLODRelevant:0 ListedInSceneOutliner:1 IsMainWorldOnly:0 FolderPath:Lighting FolderGuid:963EC3EB4002CCE9759E2EBA541A873A
 |   |   |- [+] [ 38]
 |   |   |   |- Guid:F6CEE2264002F8B8ADDFF089447B24D3 BaseClass: NativeClass:/Script/Engine.StaticMeshActor Name:StaticMeshActor_UAID_2C58B99582CD684F02_1864082248 Label:SM_Cube29 SpatiallyLoaded:1 Bounds:IsValid=true, Min=(X=2080.000 Y=1850.000 Z=2180.000), Max=(X=2130.000 Y=1950.000 Z=2230.000) RuntimeGrid:None EditorOnly:0 RuntimeOnly:0 HLODRelevant:1 ListedInSceneOutliner:1 IsMainWorldOnly:0 FolderPath:Playground FolderGuid:C73F09FC4215536B1DCE2A9E0A830C70
 |   |   |- [+] [ 39]
 |   |   |   |- Guid:FF698C67459ADB4982D7759C0905EE9F BaseClass: NativeClass:/Script/Engine.StaticMeshActor Name:StaticMeshActor_6 Label:SM_Cube3 SpatiallyLoaded:1 Bounds:IsValid=true, Min=(X=0.000 Y=3400.000 Z=2000.000), Max=(X=3000.000 Y=3500.000 Z=2400.000) RuntimeGrid:None EditorOnly:0 RuntimeOnly:0 HLODRelevant:1 ListedInSceneOutliner:1 IsMainWorldOnly:0 FolderPath:Playground FolderGuid:C73F09FC4215536B1DCE2A9E0A830C70
 |   |   |- [+] [ 40]
 |   |   |   |- Guid:FF6BC10046593F9777E07FAB8D07F969 BaseClass: NativeClass:/Script/Engine.StaticMeshActor Name:StaticMeshActor_UAID_2C58B99582CD674F02_1989764048 Label:SM_Cube4 SpatiallyLoaded:1 Bounds:IsValid=true, Min=(X=0.000 Y=1800.000 Z=950.000), Max=(X=2900.000 Y=3400.000 Z=1000.000) RuntimeGrid:None EditorOnly:0 RuntimeOnly:0 HLODRelevant:1 ListedInSceneOutliner:1 IsMainWorldOnly:0 FolderPath:Playground FolderGuid:C73F09FC4215536B1DCE2A9E0A830C70
 |- ContainerInstances:
 |- [+] MainContainer:
 |   |-        ID: 00000000000000000000000000000000
 |   |-  ParentID: 00000000000000000000000000000000
 |   |-    Bounds: IsValid=false, Min=(X=0.000 Y=0.000 Z=0.000), Max=(X=0.000 Y=0.000 Z=0.000)
 |   |- Transform: 0.000000,0.000000,0.000000|0.000000,0.000000,-0.000000|1.000000,1.000000,1.000000
 |   |- Container: /Game/ThirdPerson/Maps/ThirdPersonMap
----------------------------------------------------------------------------------------------------------------
ThirdPersonMap - Persistent Level
----------------------------------------------------------------------------------------------------------------
[+] Content of ThirdPersonMap Persistent Level
 |- Always loaded Actor Count: 41 
 |- Actor Path: /Game/ThirdPerson/Maps/ThirdPersonMap.ThirdPersonMap:PersistentLevel.DirectionalLight_0
 |- Actor Package: /Game/__ExternalActors__/ThirdPerson/Maps/ThirdPersonMap/5/R1/TS5OQ5CRUWFZYL1ZQ7I416
 |- Actor Path: /Game/ThirdPerson/Maps/ThirdPersonMap.ThirdPersonMap:PersistentLevel.ExponentialHeightFog_0
 |- Actor Package: /Game/__ExternalActors__/ThirdPerson/Maps/ThirdPersonMap/6/J7/N10XDC9G27EMLS5AGZ6AVV
 |- Actor Path: /Game/ThirdPerson/Maps/ThirdPersonMap.ThirdPersonMap:PersistentLevel.PlayerStart_0
 |- Actor Package: /Game/__ExternalActors__/ThirdPerson/Maps/ThirdPersonMap/D/DE/SWSI13675DVYIZ0N4NF7Y3
 |- Actor Path: /Game/ThirdPerson/Maps/ThirdPersonMap.ThirdPersonMap:PersistentLevel.PostProcessVolume_0
 |- Actor Package: /Game/__ExternalActors__/ThirdPerson/Maps/ThirdPersonMap/1/AZ/A7GPT109Y6ZTTJD4A7TXER
 |- Actor Path: /Game/ThirdPerson/Maps/ThirdPersonMap.ThirdPersonMap:PersistentLevel.SkyAtmosphere_0
 |- Actor Package: /Game/__ExternalActors__/ThirdPerson/Maps/ThirdPersonMap/4/LN/30UBDLYFFA5ZR7U4W4L4GG
 |- Actor Path: /Game/ThirdPerson/Maps/ThirdPersonMap.ThirdPersonMap:PersistentLevel.SkyLight_1
 |- Actor Package: /Game/__ExternalActors__/ThirdPerson/Maps/ThirdPersonMap/8/S1/DXUWD12MD3HRWVVXX076BY
 |- Actor Path: /Game/ThirdPerson/Maps/ThirdPersonMap.ThirdPersonMap:PersistentLevel.StaticMeshActor_0
 |- Actor Package: /Game/__ExternalActors__/ThirdPerson/Maps/ThirdPersonMap/A/MS/MRHJREJ6H7USQYWF1KO8F6
 |- Actor Path: /Game/ThirdPerson/Maps/ThirdPersonMap.ThirdPersonMap:PersistentLevel.StaticMeshActor_1
 |- Actor Package: /Game/__ExternalActors__/ThirdPerson/Maps/ThirdPersonMap/6/YO/NG2R9BPZVA7ZDN0Z4VSTG6
 |- Actor Path: /Game/ThirdPerson/Maps/ThirdPersonMap.ThirdPersonMap:PersistentLevel.StaticMeshActor_4
 |- Actor Package: /Game/__ExternalActors__/ThirdPerson/Maps/ThirdPersonMap/5/9Q/U98KGKQ41NJYFOGFQM8ZDY
 |- Actor Path: /Game/ThirdPerson/Maps/ThirdPersonMap.ThirdPersonMap:PersistentLevel.StaticMeshActor_5
 |- Actor Package: /Game/__ExternalActors__/ThirdPerson/Maps/ThirdPersonMap/C/QF/BY1DA5CRGQSAMOTK8RA8KR
 |- Actor Path: /Game/ThirdPerson/Maps/ThirdPersonMap.ThirdPersonMap:PersistentLevel.StaticMeshActor_6
 |- Actor Package: /Game/__ExternalActors__/ThirdPerson/Maps/ThirdPersonMap/D/0G/JNKFA4X9LRMSF343ESPF6Q
 |- Actor Path: /Game/ThirdPerson/Maps/ThirdPersonMap.ThirdPersonMap:PersistentLevel.StaticMeshActor_UAID_2C58B99582CD674F02_1989764048
 |- Actor Package: /Game/__ExternalActors__/ThirdPerson/Maps/ThirdPersonMap/1/BG/M00HCU4NZ4NXBIU98DE11P
 |- Actor Path: /Game/ThirdPerson/Maps/ThirdPersonMap.ThirdPersonMap:PersistentLevel.StaticMeshActor_UAID_2C58B99582CD674F02_2011066049
 |- Actor Package: /Game/__ExternalActors__/ThirdPerson/Maps/ThirdPersonMap/D/9D/E6UJUL0LF24QCWJDCTENJR
 |- Actor Path: /Game/ThirdPerson/Maps/ThirdPersonMap.ThirdPersonMap:PersistentLevel.StaticMeshActor_UAID_2C58B99582CD674F02_2043764050
 |- Actor Package: /Game/__ExternalActors__/ThirdPerson/Maps/ThirdPersonMap/8/Y2/O9DTDCID6HANIK8U27162J
 |- Actor Path: /Game/ThirdPerson/Maps/ThirdPersonMap.ThirdPersonMap:PersistentLevel.StaticMeshActor_UAID_2C58B99582CD674F02_2071219051
 |- Actor Package: /Game/__ExternalActors__/ThirdPerson/Maps/ThirdPersonMap/2/WN/UVM3UO8X8TGQNCMT450UHS
 |- Actor Path: /Game/ThirdPerson/Maps/ThirdPersonMap.ThirdPersonMap:PersistentLevel.StaticMeshActor_UAID_2C58B99582CD674F02_2123624052
 |- Actor Package: /Game/__ExternalActors__/ThirdPerson/Maps/ThirdPersonMap/F/4P/76AKSE8GHEN7H6VPW21BZP
 |- Actor Path: /Game/ThirdPerson/Maps/ThirdPersonMap.ThirdPersonMap:PersistentLevel.StaticMeshActor_UAID_2C58B99582CD684F02_1075900229
 |- Actor Package: /Game/__ExternalActors__/ThirdPerson/Maps/ThirdPersonMap/6/JL/SH0INORFZI4SVC7BLISIIE
 |- Actor Path: /Game/ThirdPerson/Maps/ThirdPersonMap.ThirdPersonMap:PersistentLevel.StaticMeshActor_UAID_2C58B99582CD684F02_1101656230
 |- Actor Package: /Game/__ExternalActors__/ThirdPerson/Maps/ThirdPersonMap/C/0T/PAQBY8P7IYP2OHNM2QZCCZ
 |- Actor Path: /Game/ThirdPerson/Maps/ThirdPersonMap.ThirdPersonMap:PersistentLevel.StaticMeshActor_UAID_2C58B99582CD684F02_1103292231
 |- Actor Package: /Game/__ExternalActors__/ThirdPerson/Maps/ThirdPersonMap/D/JW/11XCE0IV9ZR5EZO37KT7I8
 |- Actor Path: /Game/ThirdPerson/Maps/ThirdPersonMap.ThirdPersonMap:PersistentLevel.StaticMeshActor_UAID_2C58B99582CD684F02_1297615232
 |- Actor Package: /Game/__ExternalActors__/ThirdPerson/Maps/ThirdPersonMap/9/VK/IV4M8TYHK0Y4PJO5MMWV4P
 |- Actor Path: /Game/ThirdPerson/Maps/ThirdPersonMap.ThirdPersonMap:PersistentLevel.StaticMeshActor_UAID_2C58B99582CD684F02_1388192233
 |- Actor Package: /Game/__ExternalActors__/ThirdPerson/Maps/ThirdPersonMap/8/PW/E1EZV0IUXRBJICKC237CJY
 |- Actor Path: /Game/ThirdPerson/Maps/ThirdPersonMap.ThirdPersonMap:PersistentLevel.StaticMeshActor_UAID_2C58B99582CD684F02_1562957234
 |- Actor Package: /Game/__ExternalActors__/ThirdPerson/Maps/ThirdPersonMap/B/ZA/A9D6YW83J1NZV0PYUE6HUR
 |- Actor Path: /Game/ThirdPerson/Maps/ThirdPersonMap.ThirdPersonMap:PersistentLevel.StaticMeshActor_UAID_2C58B99582CD684F02_1646317236
 |- Actor Package: /Game/__ExternalActors__/ThirdPerson/Maps/ThirdPersonMap/A/TT/JJJLGC3QV944YSATPUA0JF
 |- Actor Path: /Game/ThirdPerson/Maps/ThirdPersonMap.ThirdPersonMap:PersistentLevel.StaticMeshActor_UAID_2C58B99582CD684F02_1646321237
 |- Actor Package: /Game/__ExternalActors__/ThirdPerson/Maps/ThirdPersonMap/6/RD/K0YUPQW7SS00ALRBCB0V43
 |- Actor Path: /Game/ThirdPerson/Maps/ThirdPersonMap.ThirdPersonMap:PersistentLevel.StaticMeshActor_UAID_2C58B99582CD684F02_1663936238
 |- Actor Package: /Game/__ExternalActors__/ThirdPerson/Maps/ThirdPersonMap/7/DM/KVDC5THBW3UDTTI4QYFY64
 |- Actor Path: /Game/ThirdPerson/Maps/ThirdPersonMap.ThirdPersonMap:PersistentLevel.StaticMeshActor_UAID_2C58B99582CD684F02_1663940239
 |- Actor Package: /Game/__ExternalActors__/ThirdPerson/Maps/ThirdPersonMap/1/HN/P6NLCLPI0R7GFAMRWNW4C3
 |- Actor Path: /Game/ThirdPerson/Maps/ThirdPersonMap.ThirdPersonMap:PersistentLevel.StaticMeshActor_UAID_2C58B99582CD684F02_1711390240
 |- Actor Package: /Game/__ExternalActors__/ThirdPerson/Maps/ThirdPersonMap/0/NW/RSC1TTJZHY6576VQ4S7OFB
 |- Actor Path: /Game/ThirdPerson/Maps/ThirdPersonMap.ThirdPersonMap:PersistentLevel.StaticMeshActor_UAID_2C58B99582CD684F02_1732171241
 |- Actor Package: /Game/__ExternalActors__/ThirdPerson/Maps/ThirdPersonMap/4/KL/0GXN0DV8T9M8ESK5NJ0WWO
 |- Actor Path: /Game/ThirdPerson/Maps/ThirdPersonMap.ThirdPersonMap:PersistentLevel.StaticMeshActor_UAID_2C58B99582CD684F02_1774648242
 |- Actor Package: /Game/__ExternalActors__/ThirdPerson/Maps/ThirdPersonMap/C/QK/QDGOGYW77JP8VJKXESUFRD
 |- Actor Path: /Game/ThirdPerson/Maps/ThirdPersonMap.ThirdPersonMap:PersistentLevel.StaticMeshActor_UAID_2C58B99582CD684F02_1774653243
 |- Actor Package: /Game/__ExternalActors__/ThirdPerson/Maps/ThirdPersonMap/E/F5/2TJ8W9QHJCPF9O3KEBC368
 |- Actor Path: /Game/ThirdPerson/Maps/ThirdPersonMap.ThirdPersonMap:PersistentLevel.StaticMeshActor_UAID_2C58B99582CD684F02_1849129244
 |- Actor Package: /Game/__ExternalActors__/ThirdPerson/Maps/ThirdPersonMap/A/DE/JOU0MP4GKQN85ESRIRWGJH
 |- Actor Path: /Game/ThirdPerson/Maps/ThirdPersonMap.ThirdPersonMap:PersistentLevel.StaticMeshActor_UAID_2C58B99582CD684F02_1849133245
 |- Actor Package: /Game/__ExternalActors__/ThirdPerson/Maps/ThirdPersonMap/3/T0/DM0F85FU1SYBZ574JPY7R3
 |- Actor Path: /Game/ThirdPerson/Maps/ThirdPersonMap.ThirdPersonMap:PersistentLevel.StaticMeshActor_UAID_2C58B99582CD684F02_1849134246
 |- Actor Package: /Game/__ExternalActors__/ThirdPerson/Maps/ThirdPersonMap/5/BE/G52MB2KW0GDDX2P5C3C8A5
 |- Actor Path: /Game/ThirdPerson/Maps/ThirdPersonMap.ThirdPersonMap:PersistentLevel.StaticMeshActor_UAID_2C58B99582CD684F02_1849136247
 |- Actor Package: /Game/__ExternalActors__/ThirdPerson/Maps/ThirdPersonMap/1/Y4/KIU08TTZ31COZSUWK3ZF87
 |- Actor Path: /Game/ThirdPerson/Maps/ThirdPersonMap.ThirdPersonMap:PersistentLevel.StaticMeshActor_UAID_2C58B99582CD684F02_1864082248
 |- Actor Package: /Game/__ExternalActors__/ThirdPerson/Maps/ThirdPersonMap/0/QG/KSXTY38LWKX1ZPEPJ0HFAD
 |- Actor Path: /Game/ThirdPerson/Maps/ThirdPersonMap.ThirdPersonMap:PersistentLevel.StaticMeshActor_UAID_2C58B99582CD684F02_1864085249
 |- Actor Package: /Game/__ExternalActors__/ThirdPerson/Maps/ThirdPersonMap/D/I8/81G75WTPZHSZO5XLVP3ZS5
 |- Actor Path: /Game/ThirdPerson/Maps/ThirdPersonMap.ThirdPersonMap:PersistentLevel.StaticMeshActor_UAID_2C58B99582CD684F02_1864086250
 |- Actor Package: /Game/__ExternalActors__/ThirdPerson/Maps/ThirdPersonMap/2/OS/AB2U7DEQO1R1BDTHNJ7WS8
 |- Actor Path: /Game/ThirdPerson/Maps/ThirdPersonMap.ThirdPersonMap:PersistentLevel.StaticMeshActor_UAID_2C58B99582CD684F02_1864088251
 |- Actor Package: /Game/__ExternalActors__/ThirdPerson/Maps/ThirdPersonMap/0/SL/OYQXYIWUUU84JZPHH79TVW
 |- Actor Path: /Game/ThirdPerson/Maps/ThirdPersonMap.ThirdPersonMap:PersistentLevel.StaticMeshActor_UAID_A4AE111137DC5EFB00_1110535423
 |- Actor Package: /Game/__ExternalActors__/ThirdPerson/Maps/ThirdPersonMap/4/PN/2QISIGK5DJNQ05US8O8FXW
 |- Actor Path: /Game/ThirdPerson/Maps/ThirdPersonMap.ThirdPersonMap:PersistentLevel.VolumetricCloud_0
 |- Actor Package: /Game/__ExternalActors__/ThirdPerson/Maps/ThirdPersonMap/3/EY/87SHEJN5UBEAN2K5OV1G6R
 |- Actor Path: /Game/ThirdPerson/Maps/ThirdPersonMap.ThirdPersonMap:PersistentLevel.WorldDataLayers
 |- Actor Package: /Game/__ExternalActors__/ThirdPerson/Maps/ThirdPersonMap/0/43/HYQWORMY4JDQ5X3OKZXFLC

----------------------------------------------------------------------------------------------------------------
ThirdPersonMap - Runtime Hash Set
----------------------------------------------------------------------------------------------------------------

